<?xml version="1.0" encoding="UTF-8"?>
<coverage generated="1776903021701" clover="3.2.0">
  <project timestamp="1776903021701" name="All files">
    <metrics statements="207" coveredstatements="174" conditionals="106" coveredconditionals="74" methods="62" coveredmethods="50" elements="375" coveredelements="298" complexity="0" loc="207" ncloc="207" packages="1" files="7" classes="7"/>
    <file name="AddItemForm.jsx" path="/workspaces/InvManSys-Frontend/src/components/AddItemForm.jsx">
      <metrics statements="18" coveredstatements="18" conditionals="2" coveredconditionals="1" methods="5" coveredmethods="5"/>
      <line num="5" count="2" type="stmt"/>
      <line num="7" count="15" type="stmt"/>
      <line num="8" count="15" type="stmt"/>
      <line num="9" count="15" type="stmt"/>
      <line num="12" count="15" type="stmt"/>
      <line num="13" count="2" type="stmt"/>
      <line num="14" count="2" type="stmt"/>
      <line num="16" count="2" type="stmt"/>
      <line num="23" count="1" type="stmt"/>
      <line num="24" count="1" type="stmt"/>
      <line num="25" count="1" type="stmt"/>
      <line num="28" count="1" type="cond" truecount="1" falsecount="1"/>
      <line num="31" count="1" type="stmt"/>
      <line num="32" count="1" type="stmt"/>
      <line num="36" count="15" type="stmt"/>
      <line num="46" count="2" type="stmt"/>
      <line num="54" count="2" type="stmt"/>
      <line num="62" count="2" type="stmt"/>
    </file>
    <file name="AdminPanel.jsx" path="/workspaces/InvManSys-Frontend/src/components/AdminPanel.jsx">
      <metrics statements="25" coveredstatements="23" conditionals="16" coveredconditionals="13" methods="6" coveredmethods="6"/>
      <line num="9" count="1" type="stmt"/>
      <line num="11" count="12" type="stmt"/>
      <line num="13" count="12" type="stmt"/>
      <line num="16" count="12" type="stmt"/>
      <line num="19" count="12" type="stmt"/>
      <line num="24" count="12" type="stmt"/>
      <line num="25" count="7" type="stmt"/>
      <line num="26" count="7" type="stmt"/>
      <line num="27" count="6" type="stmt"/>
      <line num="28" count="6" type="stmt"/>
      <line num="30" count="0" type="stmt"/>
      <line num="31" count="0" type="stmt"/>
      <line num="40" count="12" type="stmt"/>
      <line num="41" count="2" type="stmt"/>
      <line num="42" count="2" type="stmt"/>
      <line num="43" count="1" type="stmt"/>
      <line num="45" count="1" type="stmt"/>
      <line num="48" count="1" type="cond" truecount="1" falsecount="1"/>
      <line num="53" count="12" type="stmt"/>
      <line num="56" count="12" type="cond" truecount="2" falsecount="0"/>
      <line num="58" count="6" type="stmt"/>
      <line num="77" count="18" type="stmt"/>
      <line num="78" count="18" type="cond" truecount="3" falsecount="0"/>
      <line num="80" count="18" type="stmt"/>
      <line num="93" count="2" type="stmt"/>
    </file>
    <file name="AuditLogs.jsx" path="/workspaces/InvManSys-Frontend/src/components/AuditLogs.jsx">
      <metrics statements="20" coveredstatements="18" conditionals="11" coveredconditionals="9" methods="7" coveredmethods="6"/>
      <line num="9" count="1" type="stmt"/>
      <line num="11" count="8" type="stmt"/>
      <line num="12" count="8" type="stmt"/>
      <line num="15" count="8" type="stmt"/>
      <line num="16" count="8" type="stmt"/>
      <line num="21" count="8" type="stmt"/>
      <line num="22" count="3" type="stmt"/>
      <line num="23" count="3" type="stmt"/>
      <line num="25" count="3" type="stmt"/>
      <line num="30" count="3" type="stmt"/>
      <line num="31" count="3" type="stmt"/>
      <line num="33" count="0" type="stmt"/>
      <line num="36" count="3" type="stmt"/>
      <line num="41" count="8" type="stmt"/>
      <line num="43" count="8" type="cond" truecount="2" falsecount="0"/>
      <line num="45" count="5" type="stmt"/>
      <line num="52" count="0" type="stmt"/>
      <line num="58" count="2" type="stmt"/>
      <line num="79" count="3" type="stmt"/>
      <line num="103" count="2" type="stmt"/>
    </file>
    <file name="InventoryList.jsx" path="/workspaces/InvManSys-Frontend/src/components/InventoryList.jsx">
      <metrics statements="73" coveredstatements="55" conditionals="63" coveredconditionals="39" methods="24" coveredmethods="16"/>
      <line num="10" count="1" type="stmt"/>
      <line num="12" count="18" type="stmt"/>
      <line num="13" count="18" type="stmt"/>
      <line num="14" count="18" type="stmt"/>
      <line num="15" count="18" type="stmt"/>
      <line num="16" count="18" type="stmt"/>
      <line num="17" count="18" type="stmt"/>
      <line num="20" count="18" type="stmt"/>
      <line num="23" count="18" type="stmt"/>
      <line num="24" count="18" type="stmt"/>
      <line num="27" count="18" type="cond" truecount="2" falsecount="0"/>
      <line num="32" count="18" type="stmt"/>
      <line num="33" count="8" type="stmt"/>
      <line num="34" count="8" type="stmt"/>
      <line num="35" count="8" type="stmt"/>
      <line num="37" count="0" type="stmt"/>
      <line num="44" count="18" type="stmt"/>
      <line num="45" count="0" type="stmt"/>
      <line num="46" count="0" type="cond" truecount="0" falsecount="4"/>
      <line num="47" count="0" type="stmt"/>
      <line num="49" count="0" type="stmt"/>
      <line num="56" count="18" type="stmt"/>
      <line num="58" count="21" type="stmt"/>
      <line num="59" count="21" type="cond" truecount="1" falsecount="1"/>
      <line num="61" count="21" type="cond" truecount="1" falsecount="1"/>
      <line num="62" count="21" type="cond" truecount="1" falsecount="1"/>
      <line num="63" count="21" type="cond" truecount="1" falsecount="1"/>
      <line num="64" count="21" type="cond" truecount="2" falsecount="0"/>
      <line num="67" count="21" type="cond" truecount="2" falsecount="0"/>
      <line num="69" count="21" type="cond" truecount="4" falsecount="0"/>
      <line num="72" count="6" type="stmt"/>
      <line num="73" count="6" type="stmt"/>
      <line num="76" count="6" type="cond" truecount="1" falsecount="1"/>
      <line num="77" count="0" type="stmt"/>
      <line num="78" count="0" type="stmt"/>
      <line num="80" count="6" type="stmt"/>
      <line num="81" count="6" type="stmt"/>
      <line num="84" count="6" type="cond" truecount="1" falsecount="3"/>
      <line num="85" count="6" type="cond" truecount="2" falsecount="2"/>
      <line num="86" count="0" type="stmt"/>
      <line num="90" count="21" type="stmt"/>
      <line num="92" count="18" type="stmt"/>
      <line num="95" count="18" type="stmt"/>
      <line num="96" count="0" type="cond" truecount="0" falsecount="2"/>
      <line num="97" count="0" type="cond" truecount="0" falsecount="2"/>
      <line num="104" count="18" type="stmt"/>
      <line num="105" count="1" type="cond" truecount="1" falsecount="1"/>
      <line num="106" count="1" type="stmt"/>
      <line num="107" count="1" type="stmt"/>
      <line num="108" count="1" type="stmt"/>
      <line num="109" count="1" type="stmt"/>
      <line num="111" count="0" type="cond" truecount="0" falsecount="2"/>
      <line num="118" count="18" type="stmt"/>
      <line num="119" count="1" type="cond" truecount="1" falsecount="1"/>
      <line num="120" count="1" type="stmt"/>
      <line num="121" count="1" type="stmt"/>
      <line num="122" count="1" type="stmt"/>
      <line num="123" count="0" type="stmt"/>
      <line num="127" count="18" type="stmt"/>
      <line num="139" count="1" type="stmt"/>
      <line num="144" count="0" type="stmt"/>
      <line num="145" count="34" type="cond" truecount="2" falsecount="0"/>
      <line num="152" count="0" type="stmt"/>
      <line num="153" count="0" type="stmt"/>
      <line num="162" count="1" type="stmt"/>
      <line num="167" count="0" type="stmt"/>
      <line num="175" count="17" type="cond" truecount="2" falsecount="0"/>
      <line num="186" count="0" type="stmt"/>
      <line num="196" count="1" type="stmt"/>
      <line num="201" count="1" type="stmt"/>
      <line num="202" count="0" type="stmt"/>
      <line num="221" count="1" type="stmt"/>
      <line num="224" count="1" type="stmt"/>
    </file>
    <file name="Login.jsx" path="/workspaces/InvManSys-Frontend/src/components/Login.jsx">
      <metrics statements="31" coveredstatements="22" conditionals="4" coveredconditionals="3" methods="9" coveredmethods="6"/>
      <line num="10" count="1" type="stmt"/>
      <line num="12" count="7" type="stmt"/>
      <line num="13" count="7" type="stmt"/>
      <line num="14" count="7" type="stmt"/>
      <line num="15" count="7" type="stmt"/>
      <line num="16" count="7" type="stmt"/>
      <line num="22" count="7" type="stmt"/>
      <line num="23" count="2" type="stmt"/>
      <line num="24" count="2" type="stmt"/>
      <line num="26" count="2" type="stmt"/>
      <line num="29" count="1" type="stmt"/>
      <line num="30" count="1" type="stmt"/>
      <line num="31" count="1" type="stmt"/>
      <line num="34" count="1" type="stmt"/>
      <line num="36" count="1" type="stmt"/>
      <line num="37" count="1" type="stmt"/>
      <line num="45" count="7" type="stmt"/>
      <line num="46" count="0" type="stmt"/>
      <line num="47" count="0" type="stmt"/>
      <line num="48" count="0" type="stmt"/>
      <line num="49" count="0" type="stmt"/>
      <line num="52" count="0" type="stmt"/>
      <line num="53" count="0" type="stmt"/>
      <line num="54" count="0" type="stmt"/>
      <line num="57" count="0" type="stmt"/>
      <line num="61" count="7" type="stmt"/>
      <line num="76" count="0" type="stmt"/>
      <line num="83" count="1" type="stmt"/>
      <line num="97" count="1" type="stmt"/>
      <line num="103" count="1" type="stmt"/>
      <line num="111" count="1" type="stmt"/>
    </file>
    <file name="Register.jsx" path="/workspaces/InvManSys-Frontend/src/components/Register.jsx">
      <metrics statements="18" coveredstatements="16" conditionals="2" coveredconditionals="2" methods="6" coveredmethods="6"/>
      <line num="10" count="1" type="stmt"/>
      <line num="12" count="11" type="stmt"/>
      <line num="22" count="11" type="stmt"/>
      <line num="23" count="2" type="stmt"/>
      <line num="26" count="2" type="cond" truecount="2" falsecount="0"/>
      <line num="27" count="1" type="stmt"/>
      <line num="28" count="1" type="stmt"/>
      <line num="31" count="1" type="stmt"/>
      <line num="34" count="1" type="stmt"/>
      <line num="40" count="1" type="stmt"/>
      <line num="43" count="1" type="stmt"/>
      <line num="46" count="0" type="stmt"/>
      <line num="47" count="0" type="stmt"/>
      <line num="51" count="11" type="stmt"/>
      <line num="66" count="2" type="stmt"/>
      <line num="73" count="2" type="stmt"/>
      <line num="80" count="2" type="stmt"/>
      <line num="87" count="2" type="stmt"/>
    </file>
    <file name="ResetPassword.jsx" path="/workspaces/InvManSys-Frontend/src/components/ResetPassword.jsx">
      <metrics statements="22" coveredstatements="22" conditionals="8" coveredconditionals="7" methods="5" coveredmethods="5"/>
      <line num="10" count="1" type="stmt"/>
      <line num="14" count="13" type="stmt"/>
      <line num="15" count="13" type="stmt"/>
      <line num="18" count="13" type="stmt"/>
      <line num="19" count="13" type="stmt"/>
      <line num="20" count="13" type="stmt"/>
      <line num="21" count="13" type="stmt"/>
      <line num="26" count="13" type="stmt"/>
      <line num="27" count="3" type="stmt"/>
      <line num="30" count="3" type="cond" truecount="2" falsecount="0"/>
      <line num="31" count="1" type="stmt"/>
      <line num="32" count="1" type="stmt"/>
      <line num="35" count="2" type="stmt"/>
      <line num="37" count="2" type="stmt"/>
      <line num="43" count="1" type="stmt"/>
      <line num="44" count="1" type="stmt"/>
      <line num="48" count="1" type="stmt"/>
      <line num="51" count="1" type="cond" truecount="1" falsecount="1"/>
      <line num="52" count="1" type="stmt"/>
      <line num="56" count="13" type="stmt"/>
      <line num="71" count="3" type="stmt"/>
      <line num="81" count="3" type="stmt"/>
    </file>
  </project>
</coverage>
