<?xml version="1.0" encoding="UTF-8"?>
<coverage generated="1774896543212" clover="3.2.0">
  <project timestamp="1774896543212" name="All files">
    <metrics statements="212" coveredstatements="185" conditionals="104" coveredconditionals="87" methods="65" coveredmethods="53" elements="381" coveredelements="325" complexity="0" loc="212" ncloc="212" packages="1" files="7" classes="7"/>
    <file name="AddItemForm.jsx" path="/workspaces/InvManSys-Frontend/src/components/AddItemForm.jsx">
      <metrics statements="18" coveredstatements="18" conditionals="2" coveredconditionals="1" methods="5" coveredmethods="5"/>
      <line num="4" count="2" type="stmt"/>
      <line num="5" count="15" type="stmt"/>
      <line num="6" count="15" type="stmt"/>
      <line num="7" count="15" type="stmt"/>
      <line num="9" count="15" type="stmt"/>
      <line num="10" count="2" type="stmt"/>
      <line num="11" count="2" type="stmt"/>
      <line num="12" count="2" type="stmt"/>
      <line num="17" count="1" type="stmt"/>
      <line num="18" count="1" type="stmt"/>
      <line num="19" count="1" type="stmt"/>
      <line num="20" count="1" type="cond" truecount="1" falsecount="1"/>
      <line num="22" count="1" type="stmt"/>
      <line num="23" count="1" type="stmt"/>
      <line num="27" count="15" type="stmt"/>
      <line num="35" count="2" type="stmt"/>
      <line num="42" count="2" type="stmt"/>
      <line num="49" count="2" type="stmt"/>
    </file>
    <file name="AdminPanel.jsx" path="/workspaces/InvManSys-Frontend/src/components/AdminPanel.jsx">
      <metrics statements="25" coveredstatements="23" conditionals="16" coveredconditionals="13" methods="6" coveredmethods="6"/>
      <line num="4" count="1" type="stmt"/>
      <line num="5" count="12" type="stmt"/>
      <line num="6" count="12" type="stmt"/>
      <line num="8" count="12" type="stmt"/>
      <line num="10" count="12" type="stmt"/>
      <line num="12" count="12" type="stmt"/>
      <line num="13" count="7" type="stmt"/>
      <line num="14" count="7" type="stmt"/>
      <line num="15" count="6" type="stmt"/>
      <line num="16" count="6" type="stmt"/>
      <line num="18" count="0" type="stmt"/>
      <line num="19" count="0" type="stmt"/>
      <line num="23" count="12" type="stmt"/>
      <line num="24" count="2" type="stmt"/>
      <line num="25" count="2" type="stmt"/>
      <line num="26" count="1" type="stmt"/>
      <line num="27" count="1" type="stmt"/>
      <line num="29" count="1" type="cond" truecount="1" falsecount="1"/>
      <line num="33" count="12" type="stmt"/>
      <line num="35" count="12" type="cond" truecount="2" falsecount="0"/>
      <line num="37" count="6" type="stmt"/>
      <line num="52" count="18" type="stmt"/>
      <line num="53" count="18" type="cond" truecount="3" falsecount="0"/>
      <line num="55" count="18" type="stmt"/>
      <line num="67" count="2" type="stmt"/>
    </file>
    <file name="AuditLogs.jsx" path="/workspaces/InvManSys-Frontend/src/components/AuditLogs.jsx">
      <metrics statements="20" coveredstatements="18" conditionals="11" coveredconditionals="9" methods="7" coveredmethods="6"/>
      <line num="4" count="1" type="stmt"/>
      <line num="5" count="8" type="stmt"/>
      <line num="6" count="8" type="stmt"/>
      <line num="7" count="8" type="stmt"/>
      <line num="8" count="8" type="stmt"/>
      <line num="10" count="8" type="stmt"/>
      <line num="11" count="3" type="stmt"/>
      <line num="12" count="3" type="stmt"/>
      <line num="13" count="3" type="stmt"/>
      <line num="17" count="3" type="stmt"/>
      <line num="18" count="3" type="stmt"/>
      <line num="20" count="0" type="stmt"/>
      <line num="22" count="3" type="stmt"/>
      <line num="26" count="8" type="stmt"/>
      <line num="28" count="8" type="cond" truecount="2" falsecount="0"/>
      <line num="30" count="5" type="stmt"/>
      <line num="36" count="0" type="stmt"/>
      <line num="42" count="2" type="stmt"/>
      <line num="62" count="3" type="stmt"/>
      <line num="84" count="2" type="stmt"/>
    </file>
    <file name="InventoryList.jsx" path="/workspaces/InvManSys-Frontend/src/components/InventoryList.jsx">
      <metrics statements="77" coveredstatements="65" conditionals="61" coveredconditionals="52" methods="27" coveredmethods="19"/>
      <line num="5" count="1" type="stmt"/>
      <line num="6" count="22" type="stmt"/>
      <line num="7" count="22" type="stmt"/>
      <line num="8" count="22" type="stmt"/>
      <line num="9" count="22" type="stmt"/>
      <line num="10" count="22" type="stmt"/>
      <line num="11" count="22" type="stmt"/>
      <line num="12" count="22" type="stmt"/>
      <line num="13" count="22" type="stmt"/>
      <line num="14" count="22" type="stmt"/>
      <line num="15" count="22" type="cond" truecount="2" falsecount="0"/>
      <line num="16" count="22" type="stmt"/>
      <line num="17" count="9" type="stmt"/>
      <line num="18" count="9" type="stmt"/>
      <line num="19" count="9" type="stmt"/>
      <line num="21" count="0" type="stmt"/>
      <line num="25" count="22" type="stmt"/>
      <line num="26" count="2" type="stmt"/>
      <line num="27" count="2" type="cond" truecount="4" falsecount="0"/>
      <line num="28" count="1" type="stmt"/>
      <line num="30" count="2" type="stmt"/>
      <line num="34" count="22" type="stmt"/>
      <line num="36" count="30" type="stmt"/>
      <line num="37" count="30" type="cond" truecount="1" falsecount="1"/>
      <line num="39" count="30" type="cond" truecount="1" falsecount="1"/>
      <line num="40" count="30" type="cond" truecount="1" falsecount="1"/>
      <line num="41" count="30" type="cond" truecount="1" falsecount="1"/>
      <line num="42" count="30" type="cond" truecount="2" falsecount="0"/>
      <line num="44" count="30" type="cond" truecount="2" falsecount="0"/>
      <line num="46" count="30" type="cond" truecount="4" falsecount="0"/>
      <line num="50" count="15" type="stmt"/>
      <line num="51" count="15" type="stmt"/>
      <line num="53" count="15" type="cond" truecount="2" falsecount="0"/>
      <line num="54" count="7" type="stmt"/>
      <line num="55" count="7" type="stmt"/>
      <line num="57" count="8" type="stmt"/>
      <line num="58" count="8" type="stmt"/>
      <line num="61" count="15" type="cond" truecount="4" falsecount="0"/>
      <line num="62" count="13" type="cond" truecount="3" falsecount="1"/>
      <line num="63" count="0" type="stmt"/>
      <line num="66" count="30" type="stmt"/>
      <line num="68" count="22" type="stmt"/>
      <line num="70" count="22" type="stmt"/>
      <line num="71" count="66" type="cond" truecount="2" falsecount="0"/>
      <line num="72" count="22" type="cond" truecount="2" falsecount="0"/>
      <line num="75" count="22" type="stmt"/>
      <line num="76" count="1" type="cond" truecount="1" falsecount="1"/>
      <line num="77" count="1" type="stmt"/>
      <line num="78" count="1" type="stmt"/>
      <line num="79" count="1" type="stmt"/>
      <line num="80" count="1" type="stmt"/>
      <line num="82" count="0" type="cond" truecount="0" falsecount="2"/>
      <line num="86" count="22" type="stmt"/>
      <line num="87" count="1" type="cond" truecount="1" falsecount="1"/>
      <line num="88" count="1" type="stmt"/>
      <line num="89" count="1" type="stmt"/>
      <line num="90" count="1" type="stmt"/>
      <line num="91" count="0" type="stmt"/>
      <line num="95" count="22" type="stmt"/>
      <line num="106" count="1" type="stmt"/>
      <line num="111" count="0" type="stmt"/>
      <line num="112" count="44" type="cond" truecount="2" falsecount="0"/>
      <line num="119" count="0" type="stmt"/>
      <line num="120" count="0" type="stmt"/>
      <line num="130" count="1" type="stmt"/>
      <line num="135" count="0" type="stmt"/>
      <line num="143" count="0" type="stmt"/>
      <line num="146" count="0" type="stmt"/>
      <line num="149" count="2" type="stmt"/>
      <line num="157" count="26" type="stmt"/>
      <line num="158" count="26" type="stmt"/>
      <line num="162" count="0" type="stmt"/>
      <line num="164" count="1" type="stmt"/>
      <line num="166" count="1" type="stmt"/>
      <line num="167" count="0" type="stmt"/>
      <line num="179" count="1" type="stmt"/>
      <line num="182" count="1" type="stmt"/>
    </file>
    <file name="Login.jsx" path="/workspaces/InvManSys-Frontend/src/components/Login.jsx">
      <metrics statements="32" coveredstatements="23" conditionals="4" coveredconditionals="3" methods="9" coveredmethods="6"/>
      <line num="4" count="1" type="stmt"/>
      <line num="5" count="7" type="stmt"/>
      <line num="6" count="7" type="stmt"/>
      <line num="7" count="7" type="stmt"/>
      <line num="8" count="7" type="stmt"/>
      <line num="9" count="7" type="stmt"/>
      <line num="11" count="7" type="stmt"/>
      <line num="12" count="2" type="stmt"/>
      <line num="13" count="2" type="stmt"/>
      <line num="14" count="2" type="stmt"/>
      <line num="15" count="1" type="stmt"/>
      <line num="16" count="1" type="stmt"/>
      <line num="17" count="1" type="stmt"/>
      <line num="18" count="1" type="stmt"/>
      <line num="20" count="1" type="stmt"/>
      <line num="24" count="7" type="stmt"/>
      <line num="25" count="0" type="stmt"/>
      <line num="26" count="0" type="stmt"/>
      <line num="27" count="0" type="stmt"/>
      <line num="28" count="0" type="stmt"/>
      <line num="29" count="0" type="stmt"/>
      <line num="30" count="0" type="stmt"/>
      <line num="31" count="0" type="stmt"/>
      <line num="34" count="0" type="stmt"/>
      <line num="38" count="7" type="cond" truecount="2" falsecount="0"/>
      <line num="39" count="1" type="stmt"/>
      <line num="48" count="0" type="stmt"/>
      <line num="55" count="1" type="stmt"/>
      <line num="66" count="6" type="stmt"/>
      <line num="72" count="1" type="stmt"/>
      <line num="78" count="1" type="stmt"/>
      <line num="84" count="1" type="stmt"/>
    </file>
    <file name="Register.jsx" path="/workspaces/InvManSys-Frontend/src/components/Register.jsx">
      <metrics statements="18" coveredstatements="16" conditionals="2" coveredconditionals="2" methods="6" coveredmethods="6"/>
      <line num="4" count="1" type="stmt"/>
      <line num="5" count="10" type="stmt"/>
      <line num="12" count="10" type="stmt"/>
      <line num="13" count="2" type="stmt"/>
      <line num="15" count="2" type="cond" truecount="2" falsecount="0"/>
      <line num="16" count="1" type="stmt"/>
      <line num="17" count="1" type="stmt"/>
      <line num="20" count="1" type="stmt"/>
      <line num="21" count="1" type="stmt"/>
      <line num="26" count="1" type="stmt"/>
      <line num="27" count="1" type="stmt"/>
      <line num="29" count="0" type="stmt"/>
      <line num="30" count="0" type="stmt"/>
      <line num="34" count="10" type="stmt"/>
      <line num="42" count="2" type="stmt"/>
      <line num="47" count="1" type="stmt"/>
      <line num="53" count="2" type="stmt"/>
      <line num="59" count="2" type="stmt"/>
    </file>
    <file name="ResetPassword.jsx" path="/workspaces/InvManSys-Frontend/src/components/ResetPassword.jsx">
      <metrics statements="22" coveredstatements="22" conditionals="8" coveredconditionals="7" methods="5" coveredmethods="5"/>
      <line num="5" count="1" type="stmt"/>
      <line num="7" count="13" type="stmt"/>
      <line num="8" count="13" type="stmt"/>
      <line num="10" count="13" type="stmt"/>
      <line num="11" count="13" type="stmt"/>
      <line num="12" count="13" type="stmt"/>
      <line num="13" count="13" type="stmt"/>
      <line num="15" count="13" type="stmt"/>
      <line num="16" count="3" type="stmt"/>
      <line num="18" count="3" type="cond" truecount="2" falsecount="0"/>
      <line num="19" count="1" type="stmt"/>
      <line num="20" count="1" type="stmt"/>
      <line num="23" count="2" type="stmt"/>
      <line num="24" count="2" type="stmt"/>
      <line num="30" count="1" type="stmt"/>
      <line num="31" count="1" type="stmt"/>
      <line num="33" count="1" type="stmt"/>
      <line num="35" count="1" type="cond" truecount="1" falsecount="1"/>
      <line num="36" count="1" type="stmt"/>
      <line num="40" count="13" type="stmt"/>
      <line num="54" count="3" type="stmt"/>
      <line num="64" count="3" type="stmt"/>
    </file>
  </project>
</coverage>
