{"/workspaces/InvManSys-Frontend/src/components/AddItemForm.jsx": {"path":"/workspaces/InvManSys-Frontend/src/components/AddItemForm.jsx","statementMap":{"0":{"start":{"line":4,"column":6},"end":{"line":54,"column":null}},"1":{"start":{"line":5,"column":17},"end":{"line":5,"column":40}},"2":{"start":{"line":6,"column":25},"end":{"line":6,"column":56}},"3":{"start":{"line":7,"column":21},"end":{"line":7,"column":47}},"4":{"start":{"line":9,"column":25},"end":{"line":23,"column":null}},"5":{"start":{"line":10,"column":8},"end":{"line":10,"column":null}},"6":{"start":{"line":11,"column":8},"end":{"line":23,"column":null}},"7":{"start":{"line":12,"column":12},"end":{"line":16,"column":null}},"8":{"start":{"line":17,"column":12},"end":{"line":17,"column":null}},"9":{"start":{"line":18,"column":12},"end":{"line":18,"column":null}},"10":{"start":{"line":19,"column":12},"end":{"line":19,"column":null}},"11":{"start":{"line":20,"column":12},"end":{"line":20,"column":null}},"12":{"start":{"line":20,"column":29},"end":{"line":20,"column":null}},"13":{"start":{"line":22,"column":12},"end":{"line":22,"column":null}},"14":{"start":{"line":23,"column":12},"end":{"line":23,"column":null}},"15":{"start":{"line":27,"column":4},"end":{"line":54,"column":null}},"16":{"start":{"line":35,"column":37},"end":{"line":35,"column":60}},"17":{"start":{"line":42,"column":37},"end":{"line":42,"column":68}},"18":{"start":{"line":49,"column":37},"end":{"line":49,"column":64}}},"fnMap":{"0":{"name":"(anonymous_0)","decl":{"start":{"line":4,"column":6},"end":{"line":4,"column":21}},"loc":{"start":{"line":4,"column":41},"end":{"line":54,"column":null}},"line":4},"1":{"name":"(anonymous_1)","decl":{"start":{"line":9,"column":25},"end":{"line":9,"column":32}},"loc":{"start":{"line":9,"column":38},"end":{"line":23,"column":null}},"line":9},"2":{"name":"(anonymous_2)","decl":{"start":{"line":35,"column":20},"end":{"line":35,"column":31}},"loc":{"start":{"line":35,"column":37},"end":{"line":35,"column":60}},"line":35},"3":{"name":"(anonymous_3)","decl":{"start":{"line":42,"column":20},"end":{"line":42,"column":31}},"loc":{"start":{"line":42,"column":37},"end":{"line":42,"column":68}},"line":42},"4":{"name":"(anonymous_4)","decl":{"start":{"line":49,"column":20},"end":{"line":49,"column":31}},"loc":{"start":{"line":49,"column":37},"end":{"line":49,"column":64}},"line":49}},"branchMap":{"0":{"loc":{"start":{"line":20,"column":12},"end":{"line":20,"column":null}},"type":"if","locations":[{"start":{"line":20,"column":12},"end":{"line":20,"column":null}},{"start":{},"end":{}}],"line":20}},"s":{"0":2,"1":15,"2":15,"3":15,"4":15,"5":2,"6":2,"7":2,"8":1,"9":1,"10":1,"11":1,"12":1,"13":1,"14":1,"15":15,"16":2,"17":2,"18":2},"f":{"0":15,"1":2,"2":2,"3":2,"4":2},"b":{"0":[1,0]},"meta":{"lastBranch":1,"lastFunction":5,"lastStatement":19,"seen":{"s:4:6:54:Infinity":0,"f:4:6:4:21":0,"s:5:17:5:40":1,"s:6:25:6:56":2,"s:7:21:7:47":3,"s:9:25:23:Infinity":4,"f:9:25:9:32":1,"s:10:8:10:Infinity":5,"s:11:8:23:Infinity":6,"s:12:12:16:Infinity":7,"s:17:12:17:Infinity":8,"s:18:12:18:Infinity":9,"s:19:12:19:Infinity":10,"b:20:12:20:Infinity:undefined:undefined:undefined:undefined":0,"s:20:12:20:Infinity":11,"s:20:29:20:Infinity":12,"s:22:12:22:Infinity":13,"s:23:12:23:Infinity":14,"s:27:4:54:Infinity":15,"f:35:20:35:31":2,"s:35:37:35:60":16,"f:42:20:42:31":3,"s:42:37:42:68":17,"f:49:20:49:31":4,"s:49:37:49:64":18}}}
,"/workspaces/InvManSys-Frontend/src/components/AdminPanel.jsx": {"path":"/workspaces/InvManSys-Frontend/src/components/AdminPanel.jsx","statementMap":{"0":{"start":{"line":4,"column":6},"end":{"line":85,"column":null}},"1":{"start":{"line":5,"column":18},"end":{"line":5,"column":42}},"2":{"start":{"line":6,"column":20},"end":{"line":6,"column":48}},"3":{"start":{"line":8,"column":21},"end":{"line":8,"column":54}},"4":{"start":{"line":10,"column":24},"end":{"line":10,"column":null}},"5":{"start":{"line":12,"column":23},"end":{"line":19,"column":null}},"6":{"start":{"line":13,"column":8},"end":{"line":19,"column":null}},"7":{"start":{"line":14,"column":29},"end":{"line":14,"column":62}},"8":{"start":{"line":15,"column":12},"end":{"line":15,"column":null}},"9":{"start":{"line":16,"column":12},"end":{"line":16,"column":null}},"10":{"start":{"line":18,"column":12},"end":{"line":18,"column":null}},"11":{"start":{"line":19,"column":12},"end":{"line":19,"column":null}},"12":{"start":{"line":23,"column":29},"end":{"line":29,"column":null}},"13":{"start":{"line":24,"column":8},"end":{"line":29,"column":null}},"14":{"start":{"line":25,"column":12},"end":{"line":25,"column":null}},"15":{"start":{"line":26,"column":12},"end":{"line":26,"column":null}},"16":{"start":{"line":27,"column":12},"end":{"line":27,"column":null}},"17":{"start":{"line":29,"column":12},"end":{"line":29,"column":null}},"18":{"start":{"line":33,"column":4},"end":{"line":33,"column":null}},"19":{"start":{"line":33,"column":22},"end":{"line":33,"column":39}},"20":{"start":{"line":35,"column":4},"end":{"line":35,"column":null}},"21":{"start":{"line":35,"column":17},"end":{"line":35,"column":null}},"22":{"start":{"line":37,"column":4},"end":{"line":85,"column":null}},"23":{"start":{"line":52,"column":48},"end":{"line":52,"column":null}},"24":{"start":{"line":53,"column":48},"end":{"line":53,"column":null}},"25":{"start":{"line":55,"column":24},"end":{"line":82,"column":null}},"26":{"start":{"line":67,"column":57},"end":{"line":67,"column":98}}},"fnMap":{"0":{"name":"(anonymous_0)","decl":{"start":{"line":4,"column":6},"end":{"line":4,"column":25}},"loc":{"start":{"line":4,"column":25},"end":{"line":85,"column":null}},"line":4},"1":{"name":"(anonymous_1)","decl":{"start":{"line":12,"column":23},"end":{"line":12,"column":35}},"loc":{"start":{"line":12,"column":35},"end":{"line":19,"column":null}},"line":12},"2":{"name":"(anonymous_2)","decl":{"start":{"line":23,"column":29},"end":{"line":23,"column":36}},"loc":{"start":{"line":23,"column":56},"end":{"line":29,"column":null}},"line":23},"3":{"name":"(anonymous_3)","decl":{"start":{"line":33,"column":4},"end":{"line":33,"column":20}},"loc":{"start":{"line":33,"column":20},"end":{"line":33,"column":41}},"line":33},"4":{"name":"(anonymous_4)","decl":{"start":{"line":50,"column":27},"end":{"line":50,"column":31}},"loc":{"start":{"line":50,"column":39},"end":{"line":84,"column":null}},"line":50},"5":{"name":"(anonymous_5)","decl":{"start":{"line":67,"column":40},"end":{"line":67,"column":51}},"loc":{"start":{"line":67,"column":57},"end":{"line":67,"column":98}},"line":67}},"branchMap":{"0":{"loc":{"start":{"line":29,"column":18},"end":{"line":29,"column":98}},"type":"binary-expr","locations":[{"start":{"line":29,"column":18},"end":{"line":29,"column":50}},{"start":{"line":29,"column":50},"end":{"line":29,"column":98}}],"line":29},"1":{"loc":{"start":{"line":35,"column":4},"end":{"line":35,"column":null}},"type":"if","locations":[{"start":{"line":35,"column":4},"end":{"line":35,"column":null}},{"start":{},"end":{}}],"line":35},"2":{"loc":{"start":{"line":53,"column":48},"end":{"line":53,"column":null}},"type":"binary-expr","locations":[{"start":{"line":53,"column":48},"end":{"line":53,"column":64}},{"start":{"line":53,"column":64},"end":{"line":53,"column":84}},{"start":{"line":53,"column":84},"end":{"line":53,"column":null}}],"line":53},"3":{"loc":{"start":{"line":61,"column":41},"end":{"line":61,"column":null}},"type":"binary-expr","locations":[{"start":{"line":61,"column":41},"end":{"line":61,"column":54}},{"start":{"line":61,"column":54},"end":{"line":61,"column":null}}],"line":61},"4":{"loc":{"start":{"line":66,"column":47},"end":{"line":66,"column":null}},"type":"binary-expr","locations":[{"start":{"line":66,"column":47},"end":{"line":66,"column":60}},{"start":{"line":66,"column":60},"end":{"line":66,"column":null}}],"line":66},"5":{"loc":{"start":{"line":74,"column":41},"end":{"line":74,"column":null}},"type":"binary-expr","locations":[{"start":{"line":74,"column":41},"end":{"line":74,"column":56}},{"start":{"line":74,"column":56},"end":{"line":74,"column":null}}],"line":74},"6":{"loc":{"start":{"line":77,"column":41},"end":{"line":78,"column":null}},"type":"binary-expr","locations":[{"start":{"line":77,"column":41},"end":{"line":77,"column":57}},{"start":{"line":77,"column":57},"end":{"line":77,"column":null}},{"start":{"line":78,"column":44},"end":{"line":78,"column":null}}],"line":77}},"s":{"0":1,"1":12,"2":12,"3":12,"4":12,"5":12,"6":7,"7":7,"8":6,"9":6,"10":0,"11":0,"12":12,"13":2,"14":2,"15":1,"16":1,"17":1,"18":12,"19":6,"20":12,"21":6,"22":6,"23":18,"24":18,"25":18,"26":2},"f":{"0":12,"1":7,"2":2,"3":6,"4":18,"5":2},"b":{"0":[1,0],"1":[6,6],"2":[18,6,4],"3":[18,0],"4":[18,0],"5":[18,12],"6":[18,6,2]},"meta":{"lastBranch":7,"lastFunction":6,"lastStatement":27,"seen":{"s:4:6:85:Infinity":0,"f:4:6:4:25":0,"s:5:18:5:42":1,"s:6:20:6:48":2,"s:8:21:8:54":3,"s:10:24:10:Infinity":4,"s:12:23:19:Infinity":5,"f:12:23:12:35":1,"s:13:8:19:Infinity":6,"s:14:29:14:62":7,"s:15:12:15:Infinity":8,"s:16:12:16:Infinity":9,"s:18:12:18:Infinity":10,"s:19:12:19:Infinity":11,"s:23:29:29:Infinity":12,"f:23:29:23:36":2,"s:24:8:29:Infinity":13,"s:25:12:25:Infinity":14,"s:26:12:26:Infinity":15,"s:27:12:27:Infinity":16,"s:29:12:29:Infinity":17,"b:29:18:29:50:29:50:29:98":0,"s:33:4:33:Infinity":18,"f:33:4:33:20":3,"s:33:22:33:39":19,"b:35:4:35:Infinity:undefined:undefined:undefined:undefined":1,"s:35:4:35:Infinity":20,"s:35:17:35:Infinity":21,"s:37:4:85:Infinity":22,"f:50:27:50:31":4,"s:52:48:52:Infinity":23,"s:53:48:53:Infinity":24,"b:53:48:53:64:53:64:53:84:53:84:53:Infinity":2,"s:55:24:82:Infinity":25,"b:61:41:61:54:61:54:61:Infinity":3,"b:66:47:66:60:66:60:66:Infinity":4,"f:67:40:67:51":5,"s:67:57:67:98":26,"b:74:41:74:56:74:56:74:Infinity":5,"b:77:41:77:57:77:57:77:Infinity:78:44:78:Infinity":6}}}
,"/workspaces/InvManSys-Frontend/src/components/AuditLogs.jsx": {"path":"/workspaces/InvManSys-Frontend/src/components/AuditLogs.jsx","statementMap":{"0":{"start":{"line":4,"column":6},"end":{"line":91,"column":null}},"1":{"start":{"line":5,"column":22},"end":{"line":5,"column":50}},"2":{"start":{"line":6,"column":21},"end":{"line":6,"column":48}},"3":{"start":{"line":7,"column":22},"end":{"line":7,"column":55}},"4":{"start":{"line":8,"column":20},"end":{"line":8,"column":48}},"5":{"start":{"line":10,"column":22},"end":{"line":22,"column":null}},"6":{"start":{"line":11,"column":8},"end":{"line":11,"column":null}},"7":{"start":{"line":12,"column":8},"end":{"line":22,"column":null}},"8":{"start":{"line":13,"column":40},"end":{"line":16,"column":14}},"9":{"start":{"line":17,"column":12},"end":{"line":17,"column":null}},"10":{"start":{"line":18,"column":12},"end":{"line":18,"column":null}},"11":{"start":{"line":20,"column":12},"end":{"line":20,"column":null}},"12":{"start":{"line":22,"column":12},"end":{"line":22,"column":null}},"13":{"start":{"line":26,"column":4},"end":{"line":26,"column":null}},"14":{"start":{"line":26,"column":22},"end":{"line":26,"column":38}},"15":{"start":{"line":28,"column":4},"end":{"line":28,"column":null}},"16":{"start":{"line":28,"column":17},"end":{"line":28,"column":null}},"17":{"start":{"line":30,"column":4},"end":{"line":91,"column":null}},"18":{"start":{"line":36,"column":35},"end":{"line":36,"column":56}},"19":{"start":{"line":42,"column":35},"end":{"line":42,"column":56}},"20":{"start":{"line":62,"column":28},"end":{"line":68,"column":null}},"21":{"start":{"line":84,"column":28},"end":{"line":89,"column":null}}},"fnMap":{"0":{"name":"(anonymous_0)","decl":{"start":{"line":4,"column":6},"end":{"line":4,"column":24}},"loc":{"start":{"line":4,"column":24},"end":{"line":91,"column":null}},"line":4},"1":{"name":"(anonymous_1)","decl":{"start":{"line":10,"column":22},"end":{"line":10,"column":34}},"loc":{"start":{"line":10,"column":34},"end":{"line":22,"column":null}},"line":10},"2":{"name":"(anonymous_2)","decl":{"start":{"line":26,"column":4},"end":{"line":26,"column":20}},"loc":{"start":{"line":26,"column":20},"end":{"line":26,"column":40}},"line":26},"3":{"name":"(anonymous_3)","decl":{"start":{"line":36,"column":20},"end":{"line":36,"column":35}},"loc":{"start":{"line":36,"column":35},"end":{"line":36,"column":56}},"line":36},"4":{"name":"(anonymous_4)","decl":{"start":{"line":42,"column":20},"end":{"line":42,"column":35}},"loc":{"start":{"line":42,"column":35},"end":{"line":42,"column":56}},"line":42},"5":{"name":"(anonymous_5)","decl":{"start":{"line":61,"column":35},"end":{"line":61,"column":39}},"loc":{"start":{"line":62,"column":28},"end":{"line":68,"column":null}},"line":62},"6":{"name":"(anonymous_6)","decl":{"start":{"line":83,"column":34},"end":{"line":83,"column":38}},"loc":{"start":{"line":84,"column":28},"end":{"line":89,"column":null}},"line":84}},"branchMap":{"0":{"loc":{"start":{"line":28,"column":4},"end":{"line":28,"column":null}},"type":"if","locations":[{"start":{"line":28,"column":4},"end":{"line":28,"column":null}},{"start":{},"end":{}}],"line":28},"1":{"loc":{"start":{"line":37,"column":41},"end":{"line":37,"column":84}},"type":"cond-expr","locations":[{"start":{"line":37,"column":65},"end":{"line":37,"column":74}},{"start":{"line":37,"column":74},"end":{"line":37,"column":84}}],"line":37},"2":{"loc":{"start":{"line":43,"column":41},"end":{"line":43,"column":84}},"type":"cond-expr","locations":[{"start":{"line":43,"column":65},"end":{"line":43,"column":74}},{"start":{"line":43,"column":74},"end":{"line":43,"column":84}}],"line":43},"3":{"loc":{"start":{"line":49,"column":13},"end":{"line":91,"column":null}},"type":"cond-expr","locations":[{"start":{"line":50,"column":16},"end":{"line":73,"column":17}},{"start":{"line":73,"column":16},"end":{"line":91,"column":null}}],"line":49},"4":{"loc":{"start":{"line":64,"column":37},"end":{"line":64,"column":86}},"type":"binary-expr","locations":[{"start":{"line":64,"column":37},"end":{"line":64,"column":54}},{"start":{"line":64,"column":54},"end":{"line":64,"column":66}},{"start":{"line":64,"column":66},"end":{"line":64,"column":86}}],"line":64}},"s":{"0":1,"1":8,"2":8,"3":8,"4":8,"5":8,"6":3,"7":3,"8":3,"9":3,"10":3,"11":0,"12":3,"13":8,"14":3,"15":8,"16":3,"17":5,"18":0,"19":2,"20":3,"21":2},"f":{"0":8,"1":3,"2":3,"3":0,"4":2,"5":3,"6":2},"b":{"0":[3,5],"1":[3,2],"2":[2,3],"3":[3,2],"4":[3,0,0]},"meta":{"lastBranch":5,"lastFunction":7,"lastStatement":22,"seen":{"s:4:6:91:Infinity":0,"f:4:6:4:24":0,"s:5:22:5:50":1,"s:6:21:6:48":2,"s:7:22:7:55":3,"s:8:20:8:48":4,"s:10:22:22:Infinity":5,"f:10:22:10:34":1,"s:11:8:11:Infinity":6,"s:12:8:22:Infinity":7,"s:13:40:16:14":8,"s:17:12:17:Infinity":9,"s:18:12:18:Infinity":10,"s:20:12:20:Infinity":11,"s:22:12:22:Infinity":12,"s:26:4:26:Infinity":13,"f:26:4:26:20":2,"s:26:22:26:38":14,"b:28:4:28:Infinity:undefined:undefined:undefined:undefined":0,"s:28:4:28:Infinity":15,"s:28:17:28:Infinity":16,"s:30:4:91:Infinity":17,"f:36:20:36:35":3,"s:36:35:36:56":18,"b:37:65:37:74:37:74:37:84":1,"f:42:20:42:35":4,"s:42:35:42:56":19,"b:43:65:43:74:43:74:43:84":2,"b:50:16:73:17:73:16:91:Infinity":3,"f:61:35:61:39":5,"s:62:28:68:Infinity":20,"b:64:37:64:54:64:54:64:66:64:66:64:86":4,"f:83:34:83:38":6,"s:84:28:89:Infinity":21}}}
,"/workspaces/InvManSys-Frontend/src/components/InventoryList.jsx": {"path":"/workspaces/InvManSys-Frontend/src/components/InventoryList.jsx","statementMap":{"0":{"start":{"line":5,"column":6},"end":{"line":190,"column":null}},"1":{"start":{"line":6,"column":18},"end":{"line":6,"column":42}},"2":{"start":{"line":7,"column":23},"end":{"line":7,"column":52}},"3":{"start":{"line":8,"column":29},"end":{"line":8,"column":67}},"4":{"start":{"line":9,"column":19},"end":{"line":9,"column":44}},"5":{"start":{"line":10,"column":19},"end":{"line":10,"column":44}},"6":{"start":{"line":11,"column":25},"end":{"line":11,"column":59}},"7":{"start":{"line":12,"column":23},"end":{"line":12,"column":83}},"8":{"start":{"line":13,"column":22},"end":{"line":13,"column":52}},"9":{"start":{"line":14,"column":21},"end":{"line":14,"column":85}},"10":{"start":{"line":15,"column":21},"end":{"line":15,"column":null}},"11":{"start":{"line":16,"column":23},"end":{"line":21,"column":null}},"12":{"start":{"line":17,"column":8},"end":{"line":21,"column":null}},"13":{"start":{"line":18,"column":29},"end":{"line":18,"column":62}},"14":{"start":{"line":19,"column":12},"end":{"line":19,"column":null}},"15":{"start":{"line":21,"column":12},"end":{"line":21,"column":null}},"16":{"start":{"line":25,"column":10},"end":{"line":30,"column":null}},"17":{"start":{"line":26,"column":24},"end":{"line":26,"column":null}},"18":{"start":{"line":27,"column":8},"end":{"line":28,"column":null}},"19":{"start":{"line":28,"column":12},"end":{"line":28,"column":null}},"20":{"start":{"line":30,"column":8},"end":{"line":30,"column":null}},"21":{"start":{"line":34,"column":27},"end":{"line":64,"column":null}},"22":{"start":{"line":36,"column":32},"end":{"line":36,"column":91}},"23":{"start":{"line":37,"column":36},"end":{"line":37,"column":null}},"24":{"start":{"line":39,"column":24},"end":{"line":39,"column":null}},"25":{"start":{"line":40,"column":24},"end":{"line":40,"column":68}},"26":{"start":{"line":41,"column":24},"end":{"line":41,"column":67}},"27":{"start":{"line":42,"column":36},"end":{"line":42,"column":null}},"28":{"start":{"line":44,"column":36},"end":{"line":44,"column":null}},"29":{"start":{"line":46,"column":12},"end":{"line":46,"column":null}},"30":{"start":{"line":50,"column":23},"end":{"line":50,"column":null}},"31":{"start":{"line":51,"column":23},"end":{"line":51,"column":null}},"32":{"start":{"line":53,"column":12},"end":{"line":58,"column":null}},"33":{"start":{"line":54,"column":16},"end":{"line":54,"column":null}},"34":{"start":{"line":55,"column":16},"end":{"line":55,"column":null}},"35":{"start":{"line":57,"column":16},"end":{"line":57,"column":null}},"36":{"start":{"line":58,"column":16},"end":{"line":58,"column":null}},"37":{"start":{"line":61,"column":12},"end":{"line":61,"column":null}},"38":{"start":{"line":61,"column":29},"end":{"line":61,"column":null}},"39":{"start":{"line":62,"column":12},"end":{"line":62,"column":null}},"40":{"start":{"line":62,"column":29},"end":{"line":62,"column":null}},"41":{"start":{"line":63,"column":12},"end":{"line":63,"column":null}},"42":{"start":{"line":66,"column":23},"end":{"line":66,"column":92}},"43":{"start":{"line":66,"column":60},"end":{"line":66,"column":74}},"44":{"start":{"line":68,"column":4},"end":{"line":68,"column":null}},"45":{"start":{"line":68,"column":22},"end":{"line":68,"column":39}},"46":{"start":{"line":70,"column":10},"end":{"line":72,"column":null}},"47":{"start":{"line":71,"column":8},"end":{"line":71,"column":null}},"48":{"start":{"line":71,"column":36},"end":{"line":71,"column":null}},"49":{"start":{"line":72,"column":8},"end":{"line":72,"column":null}},"50":{"start":{"line":75,"column":25},"end":{"line":82,"column":null}},"51":{"start":{"line":76,"column":27},"end":{"line":76,"column":null}},"52":{"start":{"line":77,"column":8},"end":{"line":82,"column":null}},"53":{"start":{"line":78,"column":12},"end":{"line":78,"column":null}},"54":{"start":{"line":79,"column":12},"end":{"line":79,"column":null}},"55":{"start":{"line":80,"column":12},"end":{"line":80,"column":null}},"56":{"start":{"line":82,"column":12},"end":{"line":82,"column":null}},"57":{"start":{"line":86,"column":25},"end":{"line":91,"column":null}},"58":{"start":{"line":87,"column":8},"end":{"line":91,"column":null}},"59":{"start":{"line":88,"column":12},"end":{"line":91,"column":null}},"60":{"start":{"line":89,"column":16},"end":{"line":89,"column":null}},"61":{"start":{"line":90,"column":16},"end":{"line":90,"column":null}},"62":{"start":{"line":91,"column":30},"end":{"line":91,"column":null}},"63":{"start":{"line":95,"column":4},"end":{"line":190,"column":null}},"64":{"start":{"line":106,"column":75},"end":{"line":106,"column":104}},"65":{"start":{"line":111,"column":70},"end":{"line":111,"column":105}},"66":{"start":{"line":112,"column":47},"end":{"line":112,"column":null}},"67":{"start":{"line":119,"column":95},"end":{"line":119,"column":120}},"68":{"start":{"line":120,"column":95},"end":{"line":120,"column":120}},"69":{"start":{"line":130,"column":41},"end":{"line":130,"column":null}},"70":{"start":{"line":135,"column":40},"end":{"line":135,"column":59}},"71":{"start":{"line":135,"column":59},"end":{"line":135,"column":87}},"72":{"start":{"line":135,"column":87},"end":{"line":135,"column":102}},"73":{"start":{"line":135,"column":102},"end":{"line":135,"column":117}},"74":{"start":{"line":135,"column":117},"end":{"line":135,"column":143}},"75":{"start":{"line":143,"column":43},"end":{"line":143,"column":62}},"76":{"start":{"line":146,"column":43},"end":{"line":146,"column":66}},"77":{"start":{"line":149,"column":43},"end":{"line":149,"column":66}},"78":{"start":{"line":157,"column":43},"end":{"line":157,"column":null}},"79":{"start":{"line":158,"column":24},"end":{"line":187,"column":null}},"80":{"start":{"line":162,"column":120},"end":{"line":162,"column":172}},"81":{"start":{"line":164,"column":106},"end":{"line":164,"column":162}},"82":{"start":{"line":166,"column":67},"end":{"line":166,"column":88}},"83":{"start":{"line":167,"column":67},"end":{"line":167,"column":85}},"84":{"start":{"line":179,"column":73},"end":{"line":179,"column":96}},"85":{"start":{"line":179,"column":96},"end":{"line":179,"column":118}},"86":{"start":{"line":182,"column":71},"end":{"line":182,"column":92}}},"fnMap":{"0":{"name":"(anonymous_0)","decl":{"start":{"line":5,"column":6},"end":{"line":5,"column":28}},"loc":{"start":{"line":5,"column":28},"end":{"line":190,"column":null}},"line":5},"1":{"name":"(anonymous_1)","decl":{"start":{"line":16,"column":23},"end":{"line":16,"column":35}},"loc":{"start":{"line":16,"column":35},"end":{"line":21,"column":null}},"line":16},"2":{"name":"(anonymous_2)","decl":{"start":{"line":25,"column":10},"end":{"line":25,"column":25}},"loc":{"start":{"line":25,"column":33},"end":{"line":30,"column":null}},"line":25},"3":{"name":"(anonymous_3)","decl":{"start":{"line":35,"column":9},"end":{"line":35,"column":16}},"loc":{"start":{"line":35,"column":24},"end":{"line":47,"column":null}},"line":35},"4":{"name":"(anonymous_4)","decl":{"start":{"line":48,"column":9},"end":{"line":48,"column":15}},"loc":{"start":{"line":48,"column":24},"end":{"line":64,"column":null}},"line":48},"5":{"name":"(anonymous_5)","decl":{"start":{"line":66,"column":48},"end":{"line":66,"column":52}},"loc":{"start":{"line":66,"column":60},"end":{"line":66,"column":74}},"line":66},"6":{"name":"(anonymous_6)","decl":{"start":{"line":68,"column":4},"end":{"line":68,"column":20}},"loc":{"start":{"line":68,"column":20},"end":{"line":68,"column":41}},"line":68},"7":{"name":"(anonymous_7)","decl":{"start":{"line":70,"column":10},"end":{"line":70,"column":30}},"loc":{"start":{"line":70,"column":38},"end":{"line":72,"column":null}},"line":70},"8":{"name":"(anonymous_8)","decl":{"start":{"line":75,"column":25},"end":{"line":75,"column":32}},"loc":{"start":{"line":75,"column":39},"end":{"line":82,"column":null}},"line":75},"9":{"name":"(anonymous_9)","decl":{"start":{"line":86,"column":25},"end":{"line":86,"column":32}},"loc":{"start":{"line":86,"column":39},"end":{"line":91,"column":null}},"line":86},"10":{"name":"(anonymous_10)","decl":{"start":{"line":106,"column":58},"end":{"line":106,"column":69}},"loc":{"start":{"line":106,"column":75},"end":{"line":106,"column":104}},"line":106},"11":{"name":"(anonymous_11)","decl":{"start":{"line":111,"column":53},"end":{"line":111,"column":64}},"loc":{"start":{"line":111,"column":70},"end":{"line":111,"column":105}},"line":111},"12":{"name":"(anonymous_12)","decl":{"start":{"line":112,"column":36},"end":{"line":112,"column":40}},"loc":{"start":{"line":112,"column":47},"end":{"line":112,"column":null}},"line":112},"13":{"name":"(anonymous_13)","decl":{"start":{"line":119,"column":78},"end":{"line":119,"column":89}},"loc":{"start":{"line":119,"column":95},"end":{"line":119,"column":120}},"line":119},"14":{"name":"(anonymous_14)","decl":{"start":{"line":120,"column":78},"end":{"line":120,"column":89}},"loc":{"start":{"line":120,"column":95},"end":{"line":120,"column":120}},"line":120},"15":{"name":"(anonymous_15)","decl":{"start":{"line":130,"column":24},"end":{"line":130,"column":35}},"loc":{"start":{"line":130,"column":41},"end":{"line":130,"column":null}},"line":130},"16":{"name":"(anonymous_16)","decl":{"start":{"line":135,"column":24},"end":{"line":135,"column":39}},"loc":{"start":{"line":135,"column":39},"end":{"line":135,"column":143}},"line":135},"17":{"name":"(anonymous_17)","decl":{"start":{"line":143,"column":28},"end":{"line":143,"column":43}},"loc":{"start":{"line":143,"column":43},"end":{"line":143,"column":62}},"line":143},"18":{"name":"(anonymous_18)","decl":{"start":{"line":146,"column":28},"end":{"line":146,"column":43}},"loc":{"start":{"line":146,"column":43},"end":{"line":146,"column":66}},"line":146},"19":{"name":"(anonymous_19)","decl":{"start":{"line":149,"column":28},"end":{"line":149,"column":43}},"loc":{"start":{"line":149,"column":43},"end":{"line":149,"column":66}},"line":149},"20":{"name":"(anonymous_20)","decl":{"start":{"line":156,"column":36},"end":{"line":156,"column":40}},"loc":{"start":{"line":156,"column":48},"end":{"line":189,"column":null}},"line":156},"21":{"name":"(anonymous_21)","decl":{"start":{"line":162,"column":105},"end":{"line":162,"column":115}},"loc":{"start":{"line":162,"column":120},"end":{"line":162,"column":172}},"line":162},"22":{"name":"(anonymous_22)","decl":{"start":{"line":164,"column":91},"end":{"line":164,"column":101}},"loc":{"start":{"line":164,"column":106},"end":{"line":164,"column":162}},"line":164},"23":{"name":"(anonymous_23)","decl":{"start":{"line":166,"column":52},"end":{"line":166,"column":67}},"loc":{"start":{"line":166,"column":67},"end":{"line":166,"column":88}},"line":166},"24":{"name":"(anonymous_24)","decl":{"start":{"line":167,"column":52},"end":{"line":167,"column":67}},"loc":{"start":{"line":167,"column":67},"end":{"line":167,"column":85}},"line":167},"25":{"name":"(anonymous_25)","decl":{"start":{"line":179,"column":56},"end":{"line":179,"column":71}},"loc":{"start":{"line":179,"column":71},"end":{"line":179,"column":118}},"line":179},"26":{"name":"(anonymous_26)","decl":{"start":{"line":182,"column":56},"end":{"line":182,"column":71}},"loc":{"start":{"line":182,"column":71},"end":{"line":182,"column":92}},"line":182}},"branchMap":{"0":{"loc":{"start":{"line":15,"column":21},"end":{"line":15,"column":null}},"type":"binary-expr","locations":[{"start":{"line":15,"column":21},"end":{"line":15,"column":54}},{"start":{"line":15,"column":58},"end":{"line":15,"column":null}}],"line":15},"1":{"loc":{"start":{"line":27,"column":8},"end":{"line":28,"column":null}},"type":"if","locations":[{"start":{"line":27,"column":8},"end":{"line":28,"column":null}},{"start":{},"end":{}}],"line":27},"2":{"loc":{"start":{"line":27,"column":12},"end":{"line":27,"column":70}},"type":"binary-expr","locations":[{"start":{"line":27,"column":12},"end":{"line":27,"column":38}},{"start":{"line":27,"column":38},"end":{"line":27,"column":70}}],"line":27},"3":{"loc":{"start":{"line":37,"column":36},"end":{"line":37,"column":null}},"type":"binary-expr","locations":[{"start":{"line":37,"column":36},"end":{"line":37,"column":66}},{"start":{"line":37,"column":66},"end":{"line":37,"column":null}}],"line":37},"4":{"loc":{"start":{"line":39,"column":24},"end":{"line":39,"column":null}},"type":"binary-expr","locations":[{"start":{"line":39,"column":24},"end":{"line":39,"column":47}},{"start":{"line":39,"column":51},"end":{"line":39,"column":null}}],"line":39},"5":{"loc":{"start":{"line":40,"column":24},"end":{"line":40,"column":68}},"type":"cond-expr","locations":[{"start":{"line":40,"column":40},"end":{"line":40,"column":52}},{"start":{"line":40,"column":52},"end":{"line":40,"column":68}}],"line":40},"6":{"loc":{"start":{"line":41,"column":24},"end":{"line":41,"column":67}},"type":"cond-expr","locations":[{"start":{"line":41,"column":40},"end":{"line":41,"column":51}},{"start":{"line":41,"column":51},"end":{"line":41,"column":67}}],"line":41},"7":{"loc":{"start":{"line":42,"column":36},"end":{"line":42,"column":null}},"type":"binary-expr","locations":[{"start":{"line":42,"column":36},"end":{"line":42,"column":50}},{"start":{"line":42,"column":50},"end":{"line":42,"column":null}}],"line":42},"8":{"loc":{"start":{"line":44,"column":36},"end":{"line":44,"column":null}},"type":"cond-expr","locations":[{"start":{"line":44,"column":51},"end":{"line":44,"column":61}},{"start":{"line":44,"column":61},"end":{"line":44,"column":null}}],"line":44},"9":{"loc":{"start":{"line":46,"column":19},"end":{"line":46,"column":null}},"type":"binary-expr","locations":[{"start":{"line":46,"column":19},"end":{"line":46,"column":34}},{"start":{"line":46,"column":34},"end":{"line":46,"column":53}},{"start":{"line":46,"column":53},"end":{"line":46,"column":72}},{"start":{"line":46,"column":72},"end":{"line":46,"column":null}}],"line":46},"10":{"loc":{"start":{"line":53,"column":12},"end":{"line":58,"column":null}},"type":"if","locations":[{"start":{"line":53,"column":12},"end":{"line":58,"column":null}},{"start":{"line":56,"column":19},"end":{"line":58,"column":null}}],"line":53},"11":{"loc":{"start":{"line":61,"column":12},"end":{"line":61,"column":null}},"type":"if","locations":[{"start":{"line":61,"column":12},"end":{"line":61,"column":null}},{"start":{},"end":{}}],"line":61},"12":{"loc":{"start":{"line":61,"column":36},"end":{"line":61,"column":null}},"type":"cond-expr","locations":[{"start":{"line":61,"column":69},"end":{"line":61,"column":74}},{"start":{"line":61,"column":74},"end":{"line":61,"column":null}}],"line":61},"13":{"loc":{"start":{"line":62,"column":12},"end":{"line":62,"column":null}},"type":"if","locations":[{"start":{"line":62,"column":12},"end":{"line":62,"column":null}},{"start":{},"end":{}}],"line":62},"14":{"loc":{"start":{"line":62,"column":36},"end":{"line":62,"column":null}},"type":"cond-expr","locations":[{"start":{"line":62,"column":69},"end":{"line":62,"column":73}},{"start":{"line":62,"column":73},"end":{"line":62,"column":null}}],"line":62},"15":{"loc":{"start":{"line":71,"column":8},"end":{"line":71,"column":null}},"type":"if","locations":[{"start":{"line":71,"column":8},"end":{"line":71,"column":null}},{"start":{},"end":{}}],"line":71},"16":{"loc":{"start":{"line":72,"column":15},"end":{"line":72,"column":null}},"type":"cond-expr","locations":[{"start":{"line":72,"column":48},"end":{"line":72,"column":54}},{"start":{"line":72,"column":54},"end":{"line":72,"column":null}}],"line":72},"17":{"loc":{"start":{"line":76,"column":27},"end":{"line":76,"column":null}},"type":"cond-expr","locations":[{"start":{"line":76,"column":50},"end":{"line":76,"column":81}},{"start":{"line":76,"column":84},"end":{"line":76,"column":null}}],"line":76},"18":{"loc":{"start":{"line":82,"column":18},"end":{"line":82,"column":66}},"type":"binary-expr","locations":[{"start":{"line":82,"column":18},"end":{"line":82,"column":50}},{"start":{"line":82,"column":50},"end":{"line":82,"column":66}}],"line":82},"19":{"loc":{"start":{"line":87,"column":8},"end":{"line":91,"column":null}},"type":"if","locations":[{"start":{"line":87,"column":8},"end":{"line":91,"column":null}},{"start":{},"end":{}}],"line":87},"20":{"loc":{"start":{"line":97,"column":13},"end":{"line":97,"column":null}},"type":"binary-expr","locations":[{"start":{"line":97,"column":13},"end":{"line":97,"column":39}},{"start":{"line":97,"column":39},"end":{"line":97,"column":null}}],"line":97},"21":{"loc":{"start":{"line":112,"column":78},"end":{"line":112,"column":126}},"type":"cond-expr","locations":[{"start":{"line":112,"column":94},"end":{"line":112,"column":113}},{"start":{"line":112,"column":113},"end":{"line":112,"column":126}}],"line":112},"22":{"loc":{"start":{"line":159,"column":72},"end":{"line":159,"column":112}},"type":"cond-expr","locations":[{"start":{"line":159,"column":85},"end":{"line":159,"column":97}},{"start":{"line":159,"column":97},"end":{"line":159,"column":112}}],"line":159},"23":{"loc":{"start":{"line":160,"column":33},"end":{"line":185,"column":null}},"type":"cond-expr","locations":[{"start":{"line":161,"column":36},"end":{"line":169,"column":null}},{"start":{"line":171,"column":36},"end":{"line":185,"column":null}}],"line":160},"24":{"loc":{"start":{"line":172,"column":82},"end":{"line":172,"column":114}},"type":"cond-expr","locations":[{"start":{"line":172,"column":95},"end":{"line":172,"column":104}},{"start":{"line":172,"column":104},"end":{"line":172,"column":114}}],"line":172},"25":{"loc":{"start":{"line":173,"column":57},"end":{"line":173,"column":null}},"type":"binary-expr","locations":[{"start":{"line":173,"column":57},"end":{"line":173,"column":71}},{"start":{"line":173,"column":71},"end":{"line":173,"column":null}}],"line":173},"26":{"loc":{"start":{"line":176,"column":77},"end":{"line":176,"column":107}},"type":"cond-expr","locations":[{"start":{"line":176,"column":90},"end":{"line":176,"column":98}},{"start":{"line":176,"column":98},"end":{"line":176,"column":107}}],"line":176},"27":{"loc":{"start":{"line":177,"column":40},"end":{"line":181,"column":58}},"type":"binary-expr","locations":[{"start":{"line":178,"column":46},"end":{"line":178,"column":72}},{"start":{"line":178,"column":72},"end":{"line":178,"column":null}},{"start":{"line":179,"column":48},"end":{"line":181,"column":58}}],"line":177},"28":{"loc":{"start":{"line":181,"column":45},"end":{"line":182,"column":null}},"type":"binary-expr","locations":[{"start":{"line":181,"column":45},"end":{"line":181,"column":null}},{"start":{"line":182,"column":48},"end":{"line":182,"column":null}}],"line":181}},"s":{"0":1,"1":22,"2":22,"3":22,"4":22,"5":22,"6":22,"7":22,"8":22,"9":22,"10":22,"11":22,"12":9,"13":9,"14":9,"15":0,"16":22,"17":2,"18":2,"19":1,"20":2,"21":22,"22":30,"23":30,"24":30,"25":30,"26":30,"27":30,"28":30,"29":30,"30":15,"31":15,"32":15,"33":7,"34":7,"35":8,"36":8,"37":15,"38":2,"39":13,"40":13,"41":0,"42":22,"43":30,"44":22,"45":7,"46":22,"47":66,"48":44,"49":22,"50":22,"51":1,"52":1,"53":1,"54":1,"55":1,"56":0,"57":22,"58":1,"59":1,"60":1,"61":1,"62":0,"63":22,"64":1,"65":0,"66":44,"67":0,"68":0,"69":1,"70":0,"71":0,"72":0,"73":0,"74":0,"75":0,"76":0,"77":2,"78":26,"79":26,"80":0,"81":1,"82":1,"83":0,"84":1,"85":1,"86":1},"f":{"0":22,"1":9,"2":2,"3":30,"4":15,"5":30,"6":7,"7":66,"8":1,"9":1,"10":1,"11":0,"12":44,"13":0,"14":0,"15":1,"16":0,"17":0,"18":0,"19":2,"20":26,"21":0,"22":1,"23":1,"24":0,"25":1,"26":1},"b":{"0":[22,12],"1":[1,1],"2":[2,1],"3":[30,0],"4":[30,0],"5":[30,0],"6":[30,0],"7":[30,30],"8":[3,27],"9":[30,28,28,28],"10":[7,8],"11":[2,13],"12":[1,1],"13":[13,0],"14":[10,3],"15":[44,22],"16":[21,1],"17":[1,0],"18":[0,0],"19":[1,0],"20":[22,5],"21":[22,22],"22":[7,19],"23":[2,24],"24":[7,17],"25":[24,7],"26":[7,17],"27":[24,22,4],"28":[24,2]},"meta":{"lastBranch":29,"lastFunction":27,"lastStatement":87,"seen":{"s:5:6:190:Infinity":0,"f:5:6:5:28":0,"s:6:18:6:42":1,"s:7:23:7:52":2,"s:8:29:8:67":3,"s:9:19:9:44":4,"s:10:19:10:44":5,"s:11:25:11:59":6,"s:12:23:12:83":7,"s:13:22:13:52":8,"s:14:21:14:85":9,"s:15:21:15:Infinity":10,"b:15:21:15:54:15:58:15:Infinity":0,"s:16:23:21:Infinity":11,"f:16:23:16:35":1,"s:17:8:21:Infinity":12,"s:18:29:18:62":13,"s:19:12:19:Infinity":14,"s:21:12:21:Infinity":15,"s:25:10:30:Infinity":16,"f:25:10:25:25":2,"s:26:24:26:Infinity":17,"b:27:8:28:Infinity:undefined:undefined:undefined:undefined":1,"s:27:8:28:Infinity":18,"b:27:12:27:38:27:38:27:70":2,"s:28:12:28:Infinity":19,"s:30:8:30:Infinity":20,"s:34:27:64:Infinity":21,"f:35:9:35:16":3,"s:36:32:36:91":22,"s:37:36:37:Infinity":23,"b:37:36:37:66:37:66:37:Infinity":3,"s:39:24:39:Infinity":24,"b:39:24:39:47:39:51:39:Infinity":4,"s:40:24:40:68":25,"b:40:40:40:52:40:52:40:68":5,"s:41:24:41:67":26,"b:41:40:41:51:41:51:41:67":6,"s:42:36:42:Infinity":27,"b:42:36:42:50:42:50:42:Infinity":7,"s:44:36:44:Infinity":28,"b:44:51:44:61:44:61:44:Infinity":8,"s:46:12:46:Infinity":29,"b:46:19:46:34:46:34:46:53:46:53:46:72:46:72:46:Infinity":9,"f:48:9:48:15":4,"s:50:23:50:Infinity":30,"s:51:23:51:Infinity":31,"b:53:12:58:Infinity:56:19:58:Infinity":10,"s:53:12:58:Infinity":32,"s:54:16:54:Infinity":33,"s:55:16:55:Infinity":34,"s:57:16:57:Infinity":35,"s:58:16:58:Infinity":36,"b:61:12:61:Infinity:undefined:undefined:undefined:undefined":11,"s:61:12:61:Infinity":37,"s:61:29:61:Infinity":38,"b:61:69:61:74:61:74:61:Infinity":12,"b:62:12:62:Infinity:undefined:undefined:undefined:undefined":13,"s:62:12:62:Infinity":39,"s:62:29:62:Infinity":40,"b:62:69:62:73:62:73:62:Infinity":14,"s:63:12:63:Infinity":41,"s:66:23:66:92":42,"f:66:48:66:52":5,"s:66:60:66:74":43,"s:68:4:68:Infinity":44,"f:68:4:68:20":6,"s:68:22:68:39":45,"s:70:10:72:Infinity":46,"f:70:10:70:30":7,"b:71:8:71:Infinity:undefined:undefined:undefined:undefined":15,"s:71:8:71:Infinity":47,"s:71:36:71:Infinity":48,"s:72:8:72:Infinity":49,"b:72:48:72:54:72:54:72:Infinity":16,"s:75:25:82:Infinity":50,"f:75:25:75:32":8,"s:76:27:76:Infinity":51,"b:76:50:76:81:76:84:76:Infinity":17,"s:77:8:82:Infinity":52,"s:78:12:78:Infinity":53,"s:79:12:79:Infinity":54,"s:80:12:80:Infinity":55,"s:82:12:82:Infinity":56,"b:82:18:82:50:82:50:82:66":18,"s:86:25:91:Infinity":57,"f:86:25:86:32":9,"b:87:8:91:Infinity:undefined:undefined:undefined:undefined":19,"s:87:8:91:Infinity":58,"s:88:12:91:Infinity":59,"s:89:16:89:Infinity":60,"s:90:16:90:Infinity":61,"s:91:30:91:Infinity":62,"s:95:4:190:Infinity":63,"b:97:13:97:39:97:39:97:Infinity":20,"f:106:58:106:69":10,"s:106:75:106:104":64,"f:111:53:111:64":11,"s:111:70:111:105":65,"f:112:36:112:40":12,"s:112:47:112:Infinity":66,"b:112:94:112:113:112:113:112:126":21,"f:119:78:119:89":13,"s:119:95:119:120":67,"f:120:78:120:89":14,"s:120:95:120:120":68,"f:130:24:130:35":15,"s:130:41:130:Infinity":69,"f:135:24:135:39":16,"s:135:40:135:59":70,"s:135:59:135:87":71,"s:135:87:135:102":72,"s:135:102:135:117":73,"s:135:117:135:143":74,"f:143:28:143:43":17,"s:143:43:143:62":75,"f:146:28:146:43":18,"s:146:43:146:66":76,"f:149:28:149:43":19,"s:149:43:149:66":77,"f:156:36:156:40":20,"s:157:43:157:Infinity":78,"s:158:24:187:Infinity":79,"b:159:85:159:97:159:97:159:112":22,"b:161:36:169:Infinity:171:36:185:Infinity":23,"f:162:105:162:115":21,"s:162:120:162:172":80,"f:164:91:164:101":22,"s:164:106:164:162":81,"f:166:52:166:67":23,"s:166:67:166:88":82,"f:167:52:167:67":24,"s:167:67:167:85":83,"b:172:95:172:104:172:104:172:114":24,"b:173:57:173:71:173:71:173:Infinity":25,"b:176:90:176:98:176:98:176:107":26,"b:178:46:178:72:178:72:178:Infinity:179:48:181:58":27,"f:179:56:179:71":25,"s:179:73:179:96":84,"s:179:96:179:118":85,"b:181:45:181:Infinity:182:48:182:Infinity":28,"f:182:56:182:71":26,"s:182:71:182:92":86}}}
,"/workspaces/InvManSys-Frontend/src/components/Login.jsx": {"path":"/workspaces/InvManSys-Frontend/src/components/Login.jsx","statementMap":{"0":{"start":{"line":4,"column":6},"end":{"line":88,"column":null}},"1":{"start":{"line":5,"column":21},"end":{"line":5,"column":48}},"2":{"start":{"line":6,"column":21},"end":{"line":6,"column":48}},"3":{"start":{"line":7,"column":18},"end":{"line":7,"column":42}},"4":{"start":{"line":8,"column":23},"end":{"line":8,"column":55}},"5":{"start":{"line":9,"column":20},"end":{"line":9,"column":46}},"6":{"start":{"line":11,"column":24},"end":{"line":20,"column":null}},"7":{"start":{"line":12,"column":8},"end":{"line":12,"column":null}},"8":{"start":{"line":13,"column":8},"end":{"line":20,"column":null}},"9":{"start":{"line":14,"column":29},"end":{"line":14,"column":87}},"10":{"start":{"line":15,"column":12},"end":{"line":15,"column":null}},"11":{"start":{"line":16,"column":12},"end":{"line":16,"column":null}},"12":{"start":{"line":17,"column":12},"end":{"line":17,"column":null}},"13":{"start":{"line":18,"column":12},"end":{"line":18,"column":null}},"14":{"start":{"line":20,"column":12},"end":{"line":20,"column":null}},"15":{"start":{"line":24,"column":31},"end":{"line":34,"column":null}},"16":{"start":{"line":25,"column":8},"end":{"line":25,"column":null}},"17":{"start":{"line":26,"column":8},"end":{"line":34,"column":null}},"18":{"start":{"line":27,"column":29},"end":{"line":27,"column":83}},"19":{"start":{"line":28,"column":12},"end":{"line":28,"column":null}},"20":{"start":{"line":29,"column":12},"end":{"line":32,"column":null}},"21":{"start":{"line":30,"column":16},"end":{"line":30,"column":null}},"22":{"start":{"line":31,"column":16},"end":{"line":31,"column":null}},"23":{"start":{"line":34,"column":12},"end":{"line":34,"column":null}},"24":{"start":{"line":38,"column":4},"end":{"line":61,"column":null}},"25":{"start":{"line":39,"column":8},"end":{"line":61,"column":null}},"26":{"start":{"line":48,"column":41},"end":{"line":48,"column":65}},"27":{"start":{"line":55,"column":39},"end":{"line":55,"column":59}},"28":{"start":{"line":66,"column":4},"end":{"line":88,"column":null}},"29":{"start":{"line":72,"column":37},"end":{"line":72,"column":64}},"30":{"start":{"line":78,"column":37},"end":{"line":78,"column":64}},"31":{"start":{"line":84,"column":31},"end":{"line":84,"column":50}}},"fnMap":{"0":{"name":"(anonymous_0)","decl":{"start":{"line":4,"column":6},"end":{"line":4,"column":15}},"loc":{"start":{"line":4,"column":38},"end":{"line":88,"column":null}},"line":4},"1":{"name":"(anonymous_1)","decl":{"start":{"line":11,"column":24},"end":{"line":11,"column":31}},"loc":{"start":{"line":11,"column":37},"end":{"line":20,"column":null}},"line":11},"2":{"name":"(anonymous_2)","decl":{"start":{"line":24,"column":31},"end":{"line":24,"column":38}},"loc":{"start":{"line":24,"column":44},"end":{"line":34,"column":null}},"line":24},"3":{"name":"(anonymous_3)","decl":{"start":{"line":29,"column":12},"end":{"line":29,"column":29}},"loc":{"start":{"line":29,"column":29},"end":{"line":32,"column":20}},"line":29},"4":{"name":"(anonymous_4)","decl":{"start":{"line":48,"column":24},"end":{"line":48,"column":35}},"loc":{"start":{"line":48,"column":41},"end":{"line":48,"column":65}},"line":48},"5":{"name":"(anonymous_5)","decl":{"start":{"line":55,"column":24},"end":{"line":55,"column":39}},"loc":{"start":{"line":55,"column":39},"end":{"line":55,"column":59}},"line":55},"6":{"name":"(anonymous_6)","decl":{"start":{"line":72,"column":20},"end":{"line":72,"column":31}},"loc":{"start":{"line":72,"column":37},"end":{"line":72,"column":64}},"line":72},"7":{"name":"(anonymous_7)","decl":{"start":{"line":78,"column":20},"end":{"line":78,"column":31}},"loc":{"start":{"line":78,"column":37},"end":{"line":78,"column":64}},"line":78},"8":{"name":"(anonymous_8)","decl":{"start":{"line":84,"column":16},"end":{"line":84,"column":31}},"loc":{"start":{"line":84,"column":31},"end":{"line":84,"column":50}},"line":84}},"branchMap":{"0":{"loc":{"start":{"line":38,"column":4},"end":{"line":61,"column":null}},"type":"if","locations":[{"start":{"line":38,"column":4},"end":{"line":61,"column":null}},{"start":{},"end":{}}],"line":38},"1":{"loc":{"start":{"line":61,"column":17},"end":{"line":61,"column":null}},"type":"binary-expr","locations":[{"start":{"line":61,"column":17},"end":{"line":61,"column":28}},{"start":{"line":61,"column":28},"end":{"line":61,"column":null}}],"line":61}},"s":{"0":1,"1":7,"2":7,"3":7,"4":7,"5":7,"6":7,"7":2,"8":2,"9":2,"10":1,"11":1,"12":1,"13":1,"14":1,"15":7,"16":0,"17":0,"18":0,"19":0,"20":0,"21":0,"22":0,"23":0,"24":7,"25":1,"26":0,"27":1,"28":6,"29":1,"30":1,"31":1},"f":{"0":7,"1":2,"2":0,"3":0,"4":0,"5":1,"6":1,"7":1,"8":1},"b":{"0":[1,6],"1":[1,0]},"meta":{"lastBranch":2,"lastFunction":9,"lastStatement":32,"seen":{"s:4:6:88:Infinity":0,"f:4:6:4:15":0,"s:5:21:5:48":1,"s:6:21:6:48":2,"s:7:18:7:42":3,"s:8:23:8:55":4,"s:9:20:9:46":5,"s:11:24:20:Infinity":6,"f:11:24:11:31":1,"s:12:8:12:Infinity":7,"s:13:8:20:Infinity":8,"s:14:29:14:87":9,"s:15:12:15:Infinity":10,"s:16:12:16:Infinity":11,"s:17:12:17:Infinity":12,"s:18:12:18:Infinity":13,"s:20:12:20:Infinity":14,"s:24:31:34:Infinity":15,"f:24:31:24:38":2,"s:25:8:25:Infinity":16,"s:26:8:34:Infinity":17,"s:27:29:27:83":18,"s:28:12:28:Infinity":19,"s:29:12:32:Infinity":20,"f:29:12:29:29":3,"s:30:16:30:Infinity":21,"s:31:16:31:Infinity":22,"s:34:12:34:Infinity":23,"b:38:4:61:Infinity:undefined:undefined:undefined:undefined":0,"s:38:4:61:Infinity":24,"s:39:8:61:Infinity":25,"f:48:24:48:35":4,"s:48:41:48:65":26,"f:55:24:55:39":5,"s:55:39:55:59":27,"b:61:17:61:28:61:28:61:Infinity":1,"s:66:4:88:Infinity":28,"f:72:20:72:31":6,"s:72:37:72:64":29,"f:78:20:78:31":7,"s:78:37:78:64":30,"f:84:16:84:31":8,"s:84:31:84:50":31}}}
,"/workspaces/InvManSys-Frontend/src/components/Register.jsx": {"path":"/workspaces/InvManSys-Frontend/src/components/Register.jsx","statementMap":{"0":{"start":{"line":4,"column":6},"end":{"line":70,"column":null}},"1":{"start":{"line":5,"column":21},"end":{"line":10,"column":6}},"2":{"start":{"line":12,"column":25},"end":{"line":30,"column":null}},"3":{"start":{"line":13,"column":8},"end":{"line":13,"column":null}},"4":{"start":{"line":15,"column":8},"end":{"line":17,"column":null}},"5":{"start":{"line":16,"column":12},"end":{"line":16,"column":null}},"6":{"start":{"line":17,"column":12},"end":{"line":17,"column":null}},"7":{"start":{"line":20,"column":8},"end":{"line":30,"column":null}},"8":{"start":{"line":21,"column":12},"end":{"line":25,"column":null}},"9":{"start":{"line":26,"column":12},"end":{"line":26,"column":null}},"10":{"start":{"line":27,"column":12},"end":{"line":27,"column":null}},"11":{"start":{"line":29,"column":12},"end":{"line":29,"column":null}},"12":{"start":{"line":30,"column":12},"end":{"line":30,"column":null}},"13":{"start":{"line":34,"column":4},"end":{"line":70,"column":null}},"14":{"start":{"line":42,"column":35},"end":{"line":42,"column":null}},"15":{"start":{"line":47,"column":35},"end":{"line":47,"column":null}},"16":{"start":{"line":53,"column":35},"end":{"line":53,"column":null}},"17":{"start":{"line":59,"column":35},"end":{"line":59,"column":null}}},"fnMap":{"0":{"name":"(anonymous_0)","decl":{"start":{"line":4,"column":6},"end":{"line":4,"column":18}},"loc":{"start":{"line":4,"column":59},"end":{"line":70,"column":null}},"line":4},"1":{"name":"(anonymous_1)","decl":{"start":{"line":12,"column":25},"end":{"line":12,"column":32}},"loc":{"start":{"line":12,"column":38},"end":{"line":30,"column":null}},"line":12},"2":{"name":"(anonymous_2)","decl":{"start":{"line":42,"column":20},"end":{"line":42,"column":30}},"loc":{"start":{"line":42,"column":35},"end":{"line":42,"column":null}},"line":42},"3":{"name":"(anonymous_3)","decl":{"start":{"line":47,"column":20},"end":{"line":47,"column":30}},"loc":{"start":{"line":47,"column":35},"end":{"line":47,"column":null}},"line":47},"4":{"name":"(anonymous_4)","decl":{"start":{"line":53,"column":20},"end":{"line":53,"column":30}},"loc":{"start":{"line":53,"column":35},"end":{"line":53,"column":null}},"line":53},"5":{"name":"(anonymous_5)","decl":{"start":{"line":59,"column":20},"end":{"line":59,"column":30}},"loc":{"start":{"line":59,"column":35},"end":{"line":59,"column":null}},"line":59}},"branchMap":{"0":{"loc":{"start":{"line":15,"column":8},"end":{"line":17,"column":null}},"type":"if","locations":[{"start":{"line":15,"column":8},"end":{"line":17,"column":null}},{"start":{},"end":{}}],"line":15}},"s":{"0":1,"1":10,"2":10,"3":2,"4":2,"5":1,"6":1,"7":1,"8":1,"9":1,"10":1,"11":0,"12":0,"13":10,"14":2,"15":1,"16":2,"17":2},"f":{"0":10,"1":2,"2":2,"3":1,"4":2,"5":2},"b":{"0":[1,1]},"meta":{"lastBranch":1,"lastFunction":6,"lastStatement":18,"seen":{"s:4:6:70:Infinity":0,"f:4:6:4:18":0,"s:5:21:10:6":1,"s:12:25:30:Infinity":2,"f:12:25:12:32":1,"s:13:8:13:Infinity":3,"b:15:8:17:Infinity:undefined:undefined:undefined:undefined":0,"s:15:8:17:Infinity":4,"s:16:12:16:Infinity":5,"s:17:12:17:Infinity":6,"s:20:8:30:Infinity":7,"s:21:12:25:Infinity":8,"s:26:12:26:Infinity":9,"s:27:12:27:Infinity":10,"s:29:12:29:Infinity":11,"s:30:12:30:Infinity":12,"s:34:4:70:Infinity":13,"f:42:20:42:30":2,"s:42:35:42:Infinity":14,"f:47:20:47:30":3,"s:47:35:47:Infinity":15,"f:53:20:53:30":4,"s:53:35:53:Infinity":16,"f:59:20:59:30":5,"s:59:35:59:Infinity":17}}}
,"/workspaces/InvManSys-Frontend/src/components/ResetPassword.jsx": {"path":"/workspaces/InvManSys-Frontend/src/components/ResetPassword.jsx","statementMap":{"0":{"start":{"line":5,"column":6},"end":{"line":71,"column":null}},"1":{"start":{"line":7,"column":17},"end":{"line":7,"column":38}},"2":{"start":{"line":8,"column":10},"end":{"line":8,"column":34}},"3":{"start":{"line":10,"column":21},"end":{"line":10,"column":48}},"4":{"start":{"line":11,"column":28},"end":{"line":11,"column":62}},"5":{"start":{"line":12,"column":20},"end":{"line":12,"column":46}},"6":{"start":{"line":13,"column":18},"end":{"line":13,"column":42}},"7":{"start":{"line":15,"column":25},"end":{"line":36,"column":null}},"8":{"start":{"line":16,"column":8},"end":{"line":16,"column":null}},"9":{"start":{"line":18,"column":8},"end":{"line":20,"column":null}},"10":{"start":{"line":19,"column":12},"end":{"line":19,"column":null}},"11":{"start":{"line":20,"column":12},"end":{"line":20,"column":null}},"12":{"start":{"line":23,"column":8},"end":{"line":36,"column":null}},"13":{"start":{"line":24,"column":29},"end":{"line":28,"column":14}},"14":{"start":{"line":30,"column":12},"end":{"line":30,"column":null}},"15":{"start":{"line":31,"column":12},"end":{"line":31,"column":null}},"16":{"start":{"line":33,"column":12},"end":{"line":33,"column":null}},"17":{"start":{"line":33,"column":29},"end":{"line":33,"column":47}},"18":{"start":{"line":35,"column":12},"end":{"line":35,"column":null}},"19":{"start":{"line":36,"column":12},"end":{"line":36,"column":null}},"20":{"start":{"line":40,"column":4},"end":{"line":71,"column":null}},"21":{"start":{"line":54,"column":41},"end":{"line":54,"column":68}},"22":{"start":{"line":64,"column":41},"end":{"line":64,"column":75}}},"fnMap":{"0":{"name":"(anonymous_0)","decl":{"start":{"line":5,"column":6},"end":{"line":5,"column":28}},"loc":{"start":{"line":5,"column":28},"end":{"line":71,"column":null}},"line":5},"1":{"name":"(anonymous_1)","decl":{"start":{"line":15,"column":25},"end":{"line":15,"column":32}},"loc":{"start":{"line":15,"column":38},"end":{"line":36,"column":null}},"line":15},"2":{"name":"(anonymous_2)","decl":{"start":{"line":33,"column":12},"end":{"line":33,"column":29}},"loc":{"start":{"line":33,"column":29},"end":{"line":33,"column":47}},"line":33},"3":{"name":"(anonymous_3)","decl":{"start":{"line":54,"column":24},"end":{"line":54,"column":35}},"loc":{"start":{"line":54,"column":41},"end":{"line":54,"column":68}},"line":54},"4":{"name":"(anonymous_4)","decl":{"start":{"line":64,"column":24},"end":{"line":64,"column":35}},"loc":{"start":{"line":64,"column":41},"end":{"line":64,"column":75}},"line":64}},"branchMap":{"0":{"loc":{"start":{"line":18,"column":8},"end":{"line":20,"column":null}},"type":"if","locations":[{"start":{"line":18,"column":8},"end":{"line":20,"column":null}},{"start":{},"end":{}}],"line":18},"1":{"loc":{"start":{"line":35,"column":21},"end":{"line":35,"column":77}},"type":"binary-expr","locations":[{"start":{"line":35,"column":21},"end":{"line":35,"column":50}},{"start":{"line":35,"column":50},"end":{"line":35,"column":77}}],"line":35},"2":{"loc":{"start":{"line":45,"column":13},"end":{"line":45,"column":null}},"type":"binary-expr","locations":[{"start":{"line":45,"column":13},"end":{"line":45,"column":24}},{"start":{"line":45,"column":24},"end":{"line":45,"column":null}}],"line":45},"3":{"loc":{"start":{"line":46,"column":13},"end":{"line":46,"column":null}},"type":"binary-expr","locations":[{"start":{"line":46,"column":13},"end":{"line":46,"column":22}},{"start":{"line":46,"column":22},"end":{"line":46,"column":null}}],"line":46}},"s":{"0":1,"1":13,"2":13,"3":13,"4":13,"5":13,"6":13,"7":13,"8":3,"9":3,"10":1,"11":1,"12":2,"13":2,"14":1,"15":1,"16":1,"17":1,"18":1,"19":1,"20":13,"21":3,"22":3},"f":{"0":13,"1":3,"2":1,"3":3,"4":3},"b":{"0":[1,2],"1":[1,0],"2":[13,1],"3":[13,2]},"meta":{"lastBranch":4,"lastFunction":5,"lastStatement":23,"seen":{"s:5:6:71:Infinity":0,"f:5:6:5:28":0,"s:7:17:7:38":1,"s:8:10:8:34":2,"s:10:21:10:48":3,"s:11:28:11:62":4,"s:12:20:12:46":5,"s:13:18:13:42":6,"s:15:25:36:Infinity":7,"f:15:25:15:32":1,"s:16:8:16:Infinity":8,"b:18:8:20:Infinity:undefined:undefined:undefined:undefined":0,"s:18:8:20:Infinity":9,"s:19:12:19:Infinity":10,"s:20:12:20:Infinity":11,"s:23:8:36:Infinity":12,"s:24:29:28:14":13,"s:30:12:30:Infinity":14,"s:31:12:31:Infinity":15,"s:33:12:33:Infinity":16,"f:33:12:33:29":2,"s:33:29:33:47":17,"s:35:12:35:Infinity":18,"b:35:21:35:50:35:50:35:77":1,"s:36:12:36:Infinity":19,"s:40:4:71:Infinity":20,"b:45:13:45:24:45:24:45:Infinity":2,"b:46:13:46:22:46:22:46:Infinity":3,"f:54:24:54:35":3,"s:54:41:54:68":21,"f:64:24:64:35":4,"s:64:41:64:75":22}}}
}
