{"/workspaces/InvManSys-Frontend/src/components/AddItemForm.jsx": {"path":"/workspaces/InvManSys-Frontend/src/components/AddItemForm.jsx","statementMap":{"0":{"start":{"line":5,"column":6},"end":{"line":67,"column":null}},"1":{"start":{"line":7,"column":17},"end":{"line":7,"column":40}},"2":{"start":{"line":8,"column":25},"end":{"line":8,"column":56}},"3":{"start":{"line":9,"column":21},"end":{"line":9,"column":47}},"4":{"start":{"line":12,"column":25},"end":{"line":32,"column":null}},"5":{"start":{"line":13,"column":8},"end":{"line":13,"column":null}},"6":{"start":{"line":14,"column":8},"end":{"line":32,"column":null}},"7":{"start":{"line":16,"column":12},"end":{"line":20,"column":null}},"8":{"start":{"line":23,"column":12},"end":{"line":23,"column":null}},"9":{"start":{"line":24,"column":12},"end":{"line":24,"column":null}},"10":{"start":{"line":25,"column":12},"end":{"line":25,"column":null}},"11":{"start":{"line":28,"column":12},"end":{"line":28,"column":null}},"12":{"start":{"line":28,"column":29},"end":{"line":28,"column":null}},"13":{"start":{"line":31,"column":12},"end":{"line":31,"column":null}},"14":{"start":{"line":32,"column":12},"end":{"line":32,"column":null}},"15":{"start":{"line":36,"column":4},"end":{"line":67,"column":null}},"16":{"start":{"line":46,"column":37},"end":{"line":46,"column":60}},"17":{"start":{"line":54,"column":37},"end":{"line":54,"column":68}},"18":{"start":{"line":62,"column":37},"end":{"line":62,"column":64}}},"fnMap":{"0":{"name":"(anonymous_0)","decl":{"start":{"line":5,"column":6},"end":{"line":5,"column":21}},"loc":{"start":{"line":5,"column":41},"end":{"line":67,"column":null}},"line":5},"1":{"name":"(anonymous_1)","decl":{"start":{"line":12,"column":25},"end":{"line":12,"column":32}},"loc":{"start":{"line":12,"column":38},"end":{"line":32,"column":null}},"line":12},"2":{"name":"(anonymous_2)","decl":{"start":{"line":46,"column":20},"end":{"line":46,"column":31}},"loc":{"start":{"line":46,"column":37},"end":{"line":46,"column":60}},"line":46},"3":{"name":"(anonymous_3)","decl":{"start":{"line":54,"column":20},"end":{"line":54,"column":31}},"loc":{"start":{"line":54,"column":37},"end":{"line":54,"column":68}},"line":54},"4":{"name":"(anonymous_4)","decl":{"start":{"line":62,"column":20},"end":{"line":62,"column":31}},"loc":{"start":{"line":62,"column":37},"end":{"line":62,"column":64}},"line":62}},"branchMap":{"0":{"loc":{"start":{"line":28,"column":12},"end":{"line":28,"column":null}},"type":"if","locations":[{"start":{"line":28,"column":12},"end":{"line":28,"column":null}},{"start":{},"end":{}}],"line":28}},"s":{"0":2,"1":15,"2":15,"3":15,"4":15,"5":2,"6":2,"7":2,"8":1,"9":1,"10":1,"11":1,"12":1,"13":1,"14":1,"15":15,"16":2,"17":2,"18":2},"f":{"0":15,"1":2,"2":2,"3":2,"4":2},"b":{"0":[1,0]},"meta":{"lastBranch":1,"lastFunction":5,"lastStatement":19,"seen":{"s:5:6:67:Infinity":0,"f:5:6:5:21":0,"s:7:17:7:40":1,"s:8:25:8:56":2,"s:9:21:9:47":3,"s:12:25:32:Infinity":4,"f:12:25:12:32":1,"s:13:8:13:Infinity":5,"s:14:8:32:Infinity":6,"s:16:12:20:Infinity":7,"s:23:12:23:Infinity":8,"s:24:12:24:Infinity":9,"s:25:12:25:Infinity":10,"b:28:12:28:Infinity:undefined:undefined:undefined:undefined":0,"s:28:12:28:Infinity":11,"s:28:29:28:Infinity":12,"s:31:12:31:Infinity":13,"s:32:12:32:Infinity":14,"s:36:4:67:Infinity":15,"f:46:20:46:31":2,"s:46:37:46:60":16,"f:54:20:54:31":3,"s:54:37:54:68":17,"f:62:20:62:31":4,"s:62:37:62:64":18}}}
,"/workspaces/InvManSys-Frontend/src/components/AdminPanel.jsx": {"path":"/workspaces/InvManSys-Frontend/src/components/AdminPanel.jsx","statementMap":{"0":{"start":{"line":9,"column":6},"end":{"line":113,"column":null}},"1":{"start":{"line":11,"column":18},"end":{"line":11,"column":42}},"2":{"start":{"line":13,"column":20},"end":{"line":13,"column":48}},"3":{"start":{"line":16,"column":21},"end":{"line":16,"column":54}},"4":{"start":{"line":19,"column":24},"end":{"line":19,"column":null}},"5":{"start":{"line":24,"column":23},"end":{"line":31,"column":null}},"6":{"start":{"line":25,"column":8},"end":{"line":31,"column":null}},"7":{"start":{"line":26,"column":29},"end":{"line":26,"column":62}},"8":{"start":{"line":27,"column":12},"end":{"line":27,"column":null}},"9":{"start":{"line":28,"column":12},"end":{"line":28,"column":null}},"10":{"start":{"line":30,"column":12},"end":{"line":30,"column":null}},"11":{"start":{"line":31,"column":12},"end":{"line":31,"column":null}},"12":{"start":{"line":40,"column":29},"end":{"line":48,"column":null}},"13":{"start":{"line":41,"column":8},"end":{"line":48,"column":null}},"14":{"start":{"line":42,"column":12},"end":{"line":42,"column":null}},"15":{"start":{"line":43,"column":12},"end":{"line":43,"column":null}},"16":{"start":{"line":45,"column":12},"end":{"line":45,"column":null}},"17":{"start":{"line":48,"column":12},"end":{"line":48,"column":null}},"18":{"start":{"line":53,"column":4},"end":{"line":53,"column":null}},"19":{"start":{"line":53,"column":22},"end":{"line":53,"column":39}},"20":{"start":{"line":56,"column":4},"end":{"line":56,"column":null}},"21":{"start":{"line":56,"column":17},"end":{"line":56,"column":null}},"22":{"start":{"line":58,"column":4},"end":{"line":113,"column":null}},"23":{"start":{"line":77,"column":48},"end":{"line":77,"column":null}},"24":{"start":{"line":78,"column":48},"end":{"line":78,"column":null}},"25":{"start":{"line":80,"column":24},"end":{"line":110,"column":null}},"26":{"start":{"line":93,"column":57},"end":{"line":93,"column":98}}},"fnMap":{"0":{"name":"(anonymous_0)","decl":{"start":{"line":9,"column":6},"end":{"line":9,"column":25}},"loc":{"start":{"line":9,"column":25},"end":{"line":113,"column":null}},"line":9},"1":{"name":"(anonymous_1)","decl":{"start":{"line":24,"column":23},"end":{"line":24,"column":35}},"loc":{"start":{"line":24,"column":35},"end":{"line":31,"column":null}},"line":24},"2":{"name":"(anonymous_2)","decl":{"start":{"line":40,"column":29},"end":{"line":40,"column":36}},"loc":{"start":{"line":40,"column":56},"end":{"line":48,"column":null}},"line":40},"3":{"name":"(anonymous_3)","decl":{"start":{"line":53,"column":4},"end":{"line":53,"column":20}},"loc":{"start":{"line":53,"column":20},"end":{"line":53,"column":41}},"line":53},"4":{"name":"(anonymous_4)","decl":{"start":{"line":71,"column":27},"end":{"line":71,"column":31}},"loc":{"start":{"line":71,"column":39},"end":{"line":112,"column":null}},"line":71},"5":{"name":"(anonymous_5)","decl":{"start":{"line":93,"column":40},"end":{"line":93,"column":51}},"loc":{"start":{"line":93,"column":57},"end":{"line":93,"column":98}},"line":93}},"branchMap":{"0":{"loc":{"start":{"line":48,"column":18},"end":{"line":48,"column":98}},"type":"binary-expr","locations":[{"start":{"line":48,"column":18},"end":{"line":48,"column":50}},{"start":{"line":48,"column":50},"end":{"line":48,"column":98}}],"line":48},"1":{"loc":{"start":{"line":56,"column":4},"end":{"line":56,"column":null}},"type":"if","locations":[{"start":{"line":56,"column":4},"end":{"line":56,"column":null}},{"start":{},"end":{}}],"line":56},"2":{"loc":{"start":{"line":78,"column":48},"end":{"line":78,"column":null}},"type":"binary-expr","locations":[{"start":{"line":78,"column":48},"end":{"line":78,"column":64}},{"start":{"line":78,"column":64},"end":{"line":78,"column":84}},{"start":{"line":78,"column":84},"end":{"line":78,"column":null}}],"line":78},"3":{"loc":{"start":{"line":87,"column":41},"end":{"line":87,"column":null}},"type":"binary-expr","locations":[{"start":{"line":87,"column":41},"end":{"line":87,"column":54}},{"start":{"line":87,"column":54},"end":{"line":87,"column":null}}],"line":87},"4":{"loc":{"start":{"line":92,"column":47},"end":{"line":92,"column":null}},"type":"binary-expr","locations":[{"start":{"line":92,"column":47},"end":{"line":92,"column":60}},{"start":{"line":92,"column":60},"end":{"line":92,"column":null}}],"line":92},"5":{"loc":{"start":{"line":100,"column":41},"end":{"line":100,"column":null}},"type":"binary-expr","locations":[{"start":{"line":100,"column":41},"end":{"line":100,"column":56}},{"start":{"line":100,"column":56},"end":{"line":100,"column":null}}],"line":100},"6":{"loc":{"start":{"line":105,"column":41},"end":{"line":106,"column":null}},"type":"binary-expr","locations":[{"start":{"line":105,"column":41},"end":{"line":105,"column":57}},{"start":{"line":105,"column":57},"end":{"line":105,"column":null}},{"start":{"line":106,"column":44},"end":{"line":106,"column":null}}],"line":105}},"s":{"0":1,"1":12,"2":12,"3":12,"4":12,"5":12,"6":7,"7":7,"8":6,"9":6,"10":0,"11":0,"12":12,"13":2,"14":2,"15":1,"16":1,"17":1,"18":12,"19":6,"20":12,"21":6,"22":6,"23":18,"24":18,"25":18,"26":2},"f":{"0":12,"1":7,"2":2,"3":6,"4":18,"5":2},"b":{"0":[1,0],"1":[6,6],"2":[18,6,4],"3":[18,0],"4":[18,0],"5":[18,12],"6":[18,6,2]},"meta":{"lastBranch":7,"lastFunction":6,"lastStatement":27,"seen":{"s:9:6:113:Infinity":0,"f:9:6:9:25":0,"s:11:18:11:42":1,"s:13:20:13:48":2,"s:16:21:16:54":3,"s:19:24:19:Infinity":4,"s:24:23:31:Infinity":5,"f:24:23:24:35":1,"s:25:8:31:Infinity":6,"s:26:29:26:62":7,"s:27:12:27:Infinity":8,"s:28:12:28:Infinity":9,"s:30:12:30:Infinity":10,"s:31:12:31:Infinity":11,"s:40:29:48:Infinity":12,"f:40:29:40:36":2,"s:41:8:48:Infinity":13,"s:42:12:42:Infinity":14,"s:43:12:43:Infinity":15,"s:45:12:45:Infinity":16,"s:48:12:48:Infinity":17,"b:48:18:48:50:48:50:48:98":0,"s:53:4:53:Infinity":18,"f:53:4:53:20":3,"s:53:22:53:39":19,"b:56:4:56:Infinity:undefined:undefined:undefined:undefined":1,"s:56:4:56:Infinity":20,"s:56:17:56:Infinity":21,"s:58:4:113:Infinity":22,"f:71:27:71:31":4,"s:77:48:77:Infinity":23,"s:78:48:78:Infinity":24,"b:78:48:78:64:78:64:78:84:78:84:78:Infinity":2,"s:80:24:110:Infinity":25,"b:87:41:87:54:87:54:87:Infinity":3,"b:92:47:92:60:92:60:92:Infinity":4,"f:93:40:93:51":5,"s:93:57:93:98":26,"b:100:41:100:56:100:56:100:Infinity":5,"b:105:41:105:57:105:57:105:Infinity:106:44:106:Infinity":6}}}
,"/workspaces/InvManSys-Frontend/src/components/AuditLogs.jsx": {"path":"/workspaces/InvManSys-Frontend/src/components/AuditLogs.jsx","statementMap":{"0":{"start":{"line":9,"column":6},"end":{"line":110,"column":null}},"1":{"start":{"line":11,"column":22},"end":{"line":11,"column":50}},"2":{"start":{"line":12,"column":21},"end":{"line":12,"column":48}},"3":{"start":{"line":15,"column":22},"end":{"line":15,"column":55}},"4":{"start":{"line":16,"column":20},"end":{"line":16,"column":48}},"5":{"start":{"line":21,"column":22},"end":{"line":36,"column":null}},"6":{"start":{"line":22,"column":8},"end":{"line":22,"column":null}},"7":{"start":{"line":23,"column":8},"end":{"line":36,"column":null}},"8":{"start":{"line":25,"column":40},"end":{"line":28,"column":14}},"9":{"start":{"line":30,"column":12},"end":{"line":30,"column":null}},"10":{"start":{"line":31,"column":12},"end":{"line":31,"column":null}},"11":{"start":{"line":33,"column":12},"end":{"line":33,"column":null}},"12":{"start":{"line":36,"column":12},"end":{"line":36,"column":null}},"13":{"start":{"line":41,"column":4},"end":{"line":41,"column":null}},"14":{"start":{"line":41,"column":22},"end":{"line":41,"column":38}},"15":{"start":{"line":43,"column":4},"end":{"line":43,"column":null}},"16":{"start":{"line":43,"column":17},"end":{"line":43,"column":null}},"17":{"start":{"line":45,"column":4},"end":{"line":110,"column":null}},"18":{"start":{"line":52,"column":35},"end":{"line":52,"column":56}},"19":{"start":{"line":58,"column":35},"end":{"line":58,"column":56}},"20":{"start":{"line":79,"column":28},"end":{"line":87,"column":null}},"21":{"start":{"line":103,"column":28},"end":{"line":108,"column":null}}},"fnMap":{"0":{"name":"(anonymous_0)","decl":{"start":{"line":9,"column":6},"end":{"line":9,"column":24}},"loc":{"start":{"line":9,"column":24},"end":{"line":110,"column":null}},"line":9},"1":{"name":"(anonymous_1)","decl":{"start":{"line":21,"column":22},"end":{"line":21,"column":34}},"loc":{"start":{"line":21,"column":34},"end":{"line":36,"column":null}},"line":21},"2":{"name":"(anonymous_2)","decl":{"start":{"line":41,"column":4},"end":{"line":41,"column":20}},"loc":{"start":{"line":41,"column":20},"end":{"line":41,"column":40}},"line":41},"3":{"name":"(anonymous_3)","decl":{"start":{"line":52,"column":20},"end":{"line":52,"column":35}},"loc":{"start":{"line":52,"column":35},"end":{"line":52,"column":56}},"line":52},"4":{"name":"(anonymous_4)","decl":{"start":{"line":58,"column":20},"end":{"line":58,"column":35}},"loc":{"start":{"line":58,"column":35},"end":{"line":58,"column":56}},"line":58},"5":{"name":"(anonymous_5)","decl":{"start":{"line":78,"column":35},"end":{"line":78,"column":39}},"loc":{"start":{"line":79,"column":28},"end":{"line":87,"column":null}},"line":79},"6":{"name":"(anonymous_6)","decl":{"start":{"line":102,"column":34},"end":{"line":102,"column":38}},"loc":{"start":{"line":103,"column":28},"end":{"line":108,"column":null}},"line":103}},"branchMap":{"0":{"loc":{"start":{"line":43,"column":4},"end":{"line":43,"column":null}},"type":"if","locations":[{"start":{"line":43,"column":4},"end":{"line":43,"column":null}},{"start":{},"end":{}}],"line":43},"1":{"loc":{"start":{"line":53,"column":41},"end":{"line":53,"column":84}},"type":"cond-expr","locations":[{"start":{"line":53,"column":65},"end":{"line":53,"column":74}},{"start":{"line":53,"column":74},"end":{"line":53,"column":84}}],"line":53},"2":{"loc":{"start":{"line":59,"column":41},"end":{"line":59,"column":84}},"type":"cond-expr","locations":[{"start":{"line":59,"column":65},"end":{"line":59,"column":74}},{"start":{"line":59,"column":74},"end":{"line":59,"column":84}}],"line":59},"3":{"loc":{"start":{"line":66,"column":13},"end":{"line":110,"column":null}},"type":"cond-expr","locations":[{"start":{"line":67,"column":16},"end":{"line":92,"column":17}},{"start":{"line":92,"column":16},"end":{"line":110,"column":null}}],"line":66},"4":{"loc":{"start":{"line":82,"column":37},"end":{"line":82,"column":86}},"type":"binary-expr","locations":[{"start":{"line":82,"column":37},"end":{"line":82,"column":54}},{"start":{"line":82,"column":54},"end":{"line":82,"column":66}},{"start":{"line":82,"column":66},"end":{"line":82,"column":86}}],"line":82}},"s":{"0":1,"1":8,"2":8,"3":8,"4":8,"5":8,"6":3,"7":3,"8":3,"9":3,"10":3,"11":0,"12":3,"13":8,"14":3,"15":8,"16":3,"17":5,"18":0,"19":2,"20":3,"21":2},"f":{"0":8,"1":3,"2":3,"3":0,"4":2,"5":3,"6":2},"b":{"0":[3,5],"1":[3,2],"2":[2,3],"3":[3,2],"4":[3,0,0]},"meta":{"lastBranch":5,"lastFunction":7,"lastStatement":22,"seen":{"s:9:6:110:Infinity":0,"f:9:6:9:24":0,"s:11:22:11:50":1,"s:12:21:12:48":2,"s:15:22:15:55":3,"s:16:20:16:48":4,"s:21:22:36:Infinity":5,"f:21:22:21:34":1,"s:22:8:22:Infinity":6,"s:23:8:36:Infinity":7,"s:25:40:28:14":8,"s:30:12:30:Infinity":9,"s:31:12:31:Infinity":10,"s:33:12:33:Infinity":11,"s:36:12:36:Infinity":12,"s:41:4:41:Infinity":13,"f:41:4:41:20":2,"s:41:22:41:38":14,"b:43:4:43:Infinity:undefined:undefined:undefined:undefined":0,"s:43:4:43:Infinity":15,"s:43:17:43:Infinity":16,"s:45:4:110:Infinity":17,"f:52:20:52:35":3,"s:52:35:52:56":18,"b:53:65:53:74:53:74:53:84":1,"f:58:20:58:35":4,"s:58:35:58:56":19,"b:59:65:59:74:59:74:59:84":2,"b:67:16:92:17:92:16:110:Infinity":3,"f:78:35:78:39":5,"s:79:28:87:Infinity":20,"b:82:37:82:54:82:54:82:66:82:66:82:86":4,"f:102:34:102:38":6,"s:103:28:108:Infinity":21}}}
,"/workspaces/InvManSys-Frontend/src/components/InventoryList.jsx": {"path":"/workspaces/InvManSys-Frontend/src/components/InventoryList.jsx","statementMap":{"0":{"start":{"line":10,"column":6},"end":{"line":232,"column":null}},"1":{"start":{"line":12,"column":18},"end":{"line":12,"column":42}},"2":{"start":{"line":13,"column":23},"end":{"line":13,"column":52}},"3":{"start":{"line":14,"column":29},"end":{"line":14,"column":67}},"4":{"start":{"line":15,"column":19},"end":{"line":15,"column":44}},"5":{"start":{"line":16,"column":19},"end":{"line":16,"column":44}},"6":{"start":{"line":17,"column":25},"end":{"line":17,"column":59}},"7":{"start":{"line":20,"column":23},"end":{"line":20,"column":83}},"8":{"start":{"line":23,"column":22},"end":{"line":23,"column":52}},"9":{"start":{"line":24,"column":21},"end":{"line":24,"column":85}},"10":{"start":{"line":27,"column":21},"end":{"line":27,"column":null}},"11":{"start":{"line":32,"column":23},"end":{"line":37,"column":null}},"12":{"start":{"line":33,"column":8},"end":{"line":37,"column":null}},"13":{"start":{"line":34,"column":29},"end":{"line":34,"column":62}},"14":{"start":{"line":35,"column":12},"end":{"line":35,"column":null}},"15":{"start":{"line":37,"column":12},"end":{"line":37,"column":null}},"16":{"start":{"line":44,"column":10},"end":{"line":49,"column":null}},"17":{"start":{"line":45,"column":24},"end":{"line":45,"column":null}},"18":{"start":{"line":46,"column":8},"end":{"line":47,"column":null}},"19":{"start":{"line":47,"column":12},"end":{"line":47,"column":null}},"20":{"start":{"line":49,"column":8},"end":{"line":49,"column":null}},"21":{"start":{"line":56,"column":27},"end":{"line":87,"column":null}},"22":{"start":{"line":58,"column":32},"end":{"line":58,"column":91}},"23":{"start":{"line":59,"column":36},"end":{"line":59,"column":null}},"24":{"start":{"line":61,"column":24},"end":{"line":61,"column":null}},"25":{"start":{"line":62,"column":24},"end":{"line":62,"column":68}},"26":{"start":{"line":63,"column":24},"end":{"line":63,"column":67}},"27":{"start":{"line":64,"column":36},"end":{"line":64,"column":null}},"28":{"start":{"line":67,"column":36},"end":{"line":67,"column":null}},"29":{"start":{"line":69,"column":12},"end":{"line":69,"column":null}},"30":{"start":{"line":72,"column":23},"end":{"line":72,"column":null}},"31":{"start":{"line":73,"column":23},"end":{"line":73,"column":null}},"32":{"start":{"line":76,"column":12},"end":{"line":81,"column":null}},"33":{"start":{"line":77,"column":16},"end":{"line":77,"column":null}},"34":{"start":{"line":78,"column":16},"end":{"line":78,"column":null}},"35":{"start":{"line":80,"column":16},"end":{"line":80,"column":null}},"36":{"start":{"line":81,"column":16},"end":{"line":81,"column":null}},"37":{"start":{"line":84,"column":12},"end":{"line":84,"column":null}},"38":{"start":{"line":84,"column":29},"end":{"line":84,"column":null}},"39":{"start":{"line":85,"column":12},"end":{"line":85,"column":null}},"40":{"start":{"line":85,"column":29},"end":{"line":85,"column":null}},"41":{"start":{"line":86,"column":12},"end":{"line":86,"column":null}},"42":{"start":{"line":90,"column":23},"end":{"line":90,"column":92}},"43":{"start":{"line":90,"column":60},"end":{"line":90,"column":74}},"44":{"start":{"line":92,"column":4},"end":{"line":92,"column":null}},"45":{"start":{"line":92,"column":22},"end":{"line":92,"column":39}},"46":{"start":{"line":95,"column":10},"end":{"line":97,"column":null}},"47":{"start":{"line":96,"column":8},"end":{"line":96,"column":null}},"48":{"start":{"line":96,"column":36},"end":{"line":96,"column":null}},"49":{"start":{"line":97,"column":8},"end":{"line":97,"column":null}},"50":{"start":{"line":104,"column":25},"end":{"line":111,"column":null}},"51":{"start":{"line":105,"column":27},"end":{"line":105,"column":null}},"52":{"start":{"line":106,"column":8},"end":{"line":111,"column":null}},"53":{"start":{"line":107,"column":12},"end":{"line":107,"column":null}},"54":{"start":{"line":108,"column":12},"end":{"line":108,"column":null}},"55":{"start":{"line":109,"column":12},"end":{"line":109,"column":null}},"56":{"start":{"line":111,"column":12},"end":{"line":111,"column":null}},"57":{"start":{"line":118,"column":25},"end":{"line":123,"column":null}},"58":{"start":{"line":119,"column":8},"end":{"line":123,"column":null}},"59":{"start":{"line":120,"column":12},"end":{"line":123,"column":null}},"60":{"start":{"line":121,"column":16},"end":{"line":121,"column":null}},"61":{"start":{"line":122,"column":16},"end":{"line":122,"column":null}},"62":{"start":{"line":123,"column":30},"end":{"line":123,"column":null}},"63":{"start":{"line":127,"column":4},"end":{"line":232,"column":null}},"64":{"start":{"line":139,"column":75},"end":{"line":139,"column":104}},"65":{"start":{"line":144,"column":70},"end":{"line":144,"column":105}},"66":{"start":{"line":145,"column":47},"end":{"line":145,"column":null}},"67":{"start":{"line":152,"column":95},"end":{"line":152,"column":120}},"68":{"start":{"line":153,"column":95},"end":{"line":153,"column":120}},"69":{"start":{"line":162,"column":41},"end":{"line":162,"column":null}},"70":{"start":{"line":167,"column":40},"end":{"line":167,"column":59}},"71":{"start":{"line":167,"column":59},"end":{"line":167,"column":87}},"72":{"start":{"line":167,"column":87},"end":{"line":167,"column":102}},"73":{"start":{"line":167,"column":102},"end":{"line":167,"column":117}},"74":{"start":{"line":167,"column":117},"end":{"line":167,"column":143}},"75":{"start":{"line":175,"column":24},"end":{"line":229,"column":null}},"76":{"start":{"line":186,"column":63},"end":{"line":186,"column":null}},"77":{"start":{"line":196,"column":63},"end":{"line":196,"column":null}},"78":{"start":{"line":201,"column":63},"end":{"line":201,"column":84}},"79":{"start":{"line":202,"column":63},"end":{"line":202,"column":81}},"80":{"start":{"line":221,"column":69},"end":{"line":221,"column":92}},"81":{"start":{"line":221,"column":92},"end":{"line":221,"column":114}},"82":{"start":{"line":224,"column":90},"end":{"line":224,"column":111}}},"fnMap":{"0":{"name":"(anonymous_0)","decl":{"start":{"line":10,"column":6},"end":{"line":10,"column":28}},"loc":{"start":{"line":10,"column":28},"end":{"line":232,"column":null}},"line":10},"1":{"name":"(anonymous_1)","decl":{"start":{"line":32,"column":23},"end":{"line":32,"column":35}},"loc":{"start":{"line":32,"column":35},"end":{"line":37,"column":null}},"line":32},"2":{"name":"(anonymous_2)","decl":{"start":{"line":44,"column":10},"end":{"line":44,"column":25}},"loc":{"start":{"line":44,"column":33},"end":{"line":49,"column":null}},"line":44},"3":{"name":"(anonymous_3)","decl":{"start":{"line":57,"column":9},"end":{"line":57,"column":16}},"loc":{"start":{"line":57,"column":24},"end":{"line":70,"column":null}},"line":57},"4":{"name":"(anonymous_4)","decl":{"start":{"line":71,"column":9},"end":{"line":71,"column":15}},"loc":{"start":{"line":71,"column":24},"end":{"line":87,"column":null}},"line":71},"5":{"name":"(anonymous_5)","decl":{"start":{"line":90,"column":48},"end":{"line":90,"column":52}},"loc":{"start":{"line":90,"column":60},"end":{"line":90,"column":74}},"line":90},"6":{"name":"(anonymous_6)","decl":{"start":{"line":92,"column":4},"end":{"line":92,"column":20}},"loc":{"start":{"line":92,"column":20},"end":{"line":92,"column":41}},"line":92},"7":{"name":"(anonymous_7)","decl":{"start":{"line":95,"column":10},"end":{"line":95,"column":30}},"loc":{"start":{"line":95,"column":38},"end":{"line":97,"column":null}},"line":95},"8":{"name":"(anonymous_8)","decl":{"start":{"line":104,"column":25},"end":{"line":104,"column":32}},"loc":{"start":{"line":104,"column":39},"end":{"line":111,"column":null}},"line":104},"9":{"name":"(anonymous_9)","decl":{"start":{"line":118,"column":25},"end":{"line":118,"column":32}},"loc":{"start":{"line":118,"column":39},"end":{"line":123,"column":null}},"line":118},"10":{"name":"(anonymous_10)","decl":{"start":{"line":139,"column":58},"end":{"line":139,"column":69}},"loc":{"start":{"line":139,"column":75},"end":{"line":139,"column":104}},"line":139},"11":{"name":"(anonymous_11)","decl":{"start":{"line":144,"column":53},"end":{"line":144,"column":64}},"loc":{"start":{"line":144,"column":70},"end":{"line":144,"column":105}},"line":144},"12":{"name":"(anonymous_12)","decl":{"start":{"line":145,"column":36},"end":{"line":145,"column":40}},"loc":{"start":{"line":145,"column":47},"end":{"line":145,"column":null}},"line":145},"13":{"name":"(anonymous_13)","decl":{"start":{"line":152,"column":78},"end":{"line":152,"column":89}},"loc":{"start":{"line":152,"column":95},"end":{"line":152,"column":120}},"line":152},"14":{"name":"(anonymous_14)","decl":{"start":{"line":153,"column":78},"end":{"line":153,"column":89}},"loc":{"start":{"line":153,"column":95},"end":{"line":153,"column":120}},"line":153},"15":{"name":"(anonymous_15)","decl":{"start":{"line":162,"column":24},"end":{"line":162,"column":35}},"loc":{"start":{"line":162,"column":41},"end":{"line":162,"column":null}},"line":162},"16":{"name":"(anonymous_16)","decl":{"start":{"line":167,"column":24},"end":{"line":167,"column":39}},"loc":{"start":{"line":167,"column":39},"end":{"line":167,"column":143}},"line":167},"17":{"name":"(anonymous_17)","decl":{"start":{"line":174,"column":36},"end":{"line":174,"column":40}},"loc":{"start":{"line":175,"column":24},"end":{"line":229,"column":null}},"line":175},"18":{"name":"(anonymous_18)","decl":{"start":{"line":186,"column":48},"end":{"line":186,"column":58}},"loc":{"start":{"line":186,"column":63},"end":{"line":186,"column":null}},"line":186},"19":{"name":"(anonymous_19)","decl":{"start":{"line":196,"column":48},"end":{"line":196,"column":58}},"loc":{"start":{"line":196,"column":63},"end":{"line":196,"column":null}},"line":196},"20":{"name":"(anonymous_20)","decl":{"start":{"line":201,"column":48},"end":{"line":201,"column":63}},"loc":{"start":{"line":201,"column":63},"end":{"line":201,"column":84}},"line":201},"21":{"name":"(anonymous_21)","decl":{"start":{"line":202,"column":48},"end":{"line":202,"column":63}},"loc":{"start":{"line":202,"column":63},"end":{"line":202,"column":81}},"line":202},"22":{"name":"(anonymous_22)","decl":{"start":{"line":221,"column":52},"end":{"line":221,"column":67}},"loc":{"start":{"line":221,"column":67},"end":{"line":221,"column":114}},"line":221},"23":{"name":"(anonymous_23)","decl":{"start":{"line":224,"column":75},"end":{"line":224,"column":90}},"loc":{"start":{"line":224,"column":90},"end":{"line":224,"column":111}},"line":224}},"branchMap":{"0":{"loc":{"start":{"line":27,"column":21},"end":{"line":27,"column":null}},"type":"binary-expr","locations":[{"start":{"line":27,"column":21},"end":{"line":27,"column":54}},{"start":{"line":27,"column":58},"end":{"line":27,"column":null}}],"line":27},"1":{"loc":{"start":{"line":46,"column":8},"end":{"line":47,"column":null}},"type":"if","locations":[{"start":{"line":46,"column":8},"end":{"line":47,"column":null}},{"start":{},"end":{}}],"line":46},"2":{"loc":{"start":{"line":46,"column":12},"end":{"line":46,"column":70}},"type":"binary-expr","locations":[{"start":{"line":46,"column":12},"end":{"line":46,"column":38}},{"start":{"line":46,"column":38},"end":{"line":46,"column":70}}],"line":46},"3":{"loc":{"start":{"line":59,"column":36},"end":{"line":59,"column":null}},"type":"binary-expr","locations":[{"start":{"line":59,"column":36},"end":{"line":59,"column":66}},{"start":{"line":59,"column":66},"end":{"line":59,"column":null}}],"line":59},"4":{"loc":{"start":{"line":61,"column":24},"end":{"line":61,"column":null}},"type":"binary-expr","locations":[{"start":{"line":61,"column":24},"end":{"line":61,"column":47}},{"start":{"line":61,"column":51},"end":{"line":61,"column":null}}],"line":61},"5":{"loc":{"start":{"line":62,"column":24},"end":{"line":62,"column":68}},"type":"cond-expr","locations":[{"start":{"line":62,"column":40},"end":{"line":62,"column":52}},{"start":{"line":62,"column":52},"end":{"line":62,"column":68}}],"line":62},"6":{"loc":{"start":{"line":63,"column":24},"end":{"line":63,"column":67}},"type":"cond-expr","locations":[{"start":{"line":63,"column":40},"end":{"line":63,"column":51}},{"start":{"line":63,"column":51},"end":{"line":63,"column":67}}],"line":63},"7":{"loc":{"start":{"line":64,"column":36},"end":{"line":64,"column":null}},"type":"binary-expr","locations":[{"start":{"line":64,"column":36},"end":{"line":64,"column":50}},{"start":{"line":64,"column":50},"end":{"line":64,"column":null}}],"line":64},"8":{"loc":{"start":{"line":67,"column":36},"end":{"line":67,"column":null}},"type":"cond-expr","locations":[{"start":{"line":67,"column":51},"end":{"line":67,"column":61}},{"start":{"line":67,"column":61},"end":{"line":67,"column":null}}],"line":67},"9":{"loc":{"start":{"line":69,"column":19},"end":{"line":69,"column":null}},"type":"binary-expr","locations":[{"start":{"line":69,"column":19},"end":{"line":69,"column":34}},{"start":{"line":69,"column":34},"end":{"line":69,"column":53}},{"start":{"line":69,"column":53},"end":{"line":69,"column":72}},{"start":{"line":69,"column":72},"end":{"line":69,"column":null}}],"line":69},"10":{"loc":{"start":{"line":76,"column":12},"end":{"line":81,"column":null}},"type":"if","locations":[{"start":{"line":76,"column":12},"end":{"line":81,"column":null}},{"start":{"line":79,"column":19},"end":{"line":81,"column":null}}],"line":76},"11":{"loc":{"start":{"line":84,"column":12},"end":{"line":84,"column":null}},"type":"if","locations":[{"start":{"line":84,"column":12},"end":{"line":84,"column":null}},{"start":{},"end":{}}],"line":84},"12":{"loc":{"start":{"line":84,"column":36},"end":{"line":84,"column":null}},"type":"cond-expr","locations":[{"start":{"line":84,"column":69},"end":{"line":84,"column":74}},{"start":{"line":84,"column":74},"end":{"line":84,"column":null}}],"line":84},"13":{"loc":{"start":{"line":85,"column":12},"end":{"line":85,"column":null}},"type":"if","locations":[{"start":{"line":85,"column":12},"end":{"line":85,"column":null}},{"start":{},"end":{}}],"line":85},"14":{"loc":{"start":{"line":85,"column":36},"end":{"line":85,"column":null}},"type":"cond-expr","locations":[{"start":{"line":85,"column":69},"end":{"line":85,"column":73}},{"start":{"line":85,"column":73},"end":{"line":85,"column":null}}],"line":85},"15":{"loc":{"start":{"line":96,"column":8},"end":{"line":96,"column":null}},"type":"if","locations":[{"start":{"line":96,"column":8},"end":{"line":96,"column":null}},{"start":{},"end":{}}],"line":96},"16":{"loc":{"start":{"line":97,"column":15},"end":{"line":97,"column":null}},"type":"cond-expr","locations":[{"start":{"line":97,"column":48},"end":{"line":97,"column":54}},{"start":{"line":97,"column":54},"end":{"line":97,"column":null}}],"line":97},"17":{"loc":{"start":{"line":105,"column":27},"end":{"line":105,"column":null}},"type":"cond-expr","locations":[{"start":{"line":105,"column":50},"end":{"line":105,"column":81}},{"start":{"line":105,"column":84},"end":{"line":105,"column":null}}],"line":105},"18":{"loc":{"start":{"line":111,"column":18},"end":{"line":111,"column":66}},"type":"binary-expr","locations":[{"start":{"line":111,"column":18},"end":{"line":111,"column":50}},{"start":{"line":111,"column":50},"end":{"line":111,"column":66}}],"line":111},"19":{"loc":{"start":{"line":119,"column":8},"end":{"line":123,"column":null}},"type":"if","locations":[{"start":{"line":119,"column":8},"end":{"line":123,"column":null}},{"start":{},"end":{}}],"line":119},"20":{"loc":{"start":{"line":130,"column":13},"end":{"line":130,"column":null}},"type":"binary-expr","locations":[{"start":{"line":130,"column":13},"end":{"line":130,"column":39}},{"start":{"line":130,"column":39},"end":{"line":130,"column":null}}],"line":130},"21":{"loc":{"start":{"line":145,"column":78},"end":{"line":145,"column":126}},"type":"cond-expr","locations":[{"start":{"line":145,"column":94},"end":{"line":145,"column":113}},{"start":{"line":145,"column":113},"end":{"line":145,"column":126}}],"line":145},"22":{"loc":{"start":{"line":175,"column":67},"end":{"line":175,"column":null}},"type":"cond-expr","locations":[{"start":{"line":175,"column":87},"end":{"line":175,"column":101}},{"start":{"line":175,"column":101},"end":{"line":175,"column":null}}],"line":175},"23":{"loc":{"start":{"line":178,"column":29},"end":{"line":227,"column":null}},"type":"cond-expr","locations":[{"start":{"line":179,"column":32},"end":{"line":204,"column":null}},{"start":{"line":206,"column":32},"end":{"line":227,"column":null}}],"line":178},"24":{"loc":{"start":{"line":189,"column":80},"end":{"line":189,"column":null}},"type":"binary-expr","locations":[{"start":{"line":189,"column":80},"end":{"line":189,"column":97}},{"start":{"line":189,"column":97},"end":{"line":189,"column":null}}],"line":189},"25":{"loc":{"start":{"line":210,"column":45},"end":{"line":210,"column":null}},"type":"binary-expr","locations":[{"start":{"line":210,"column":45},"end":{"line":210,"column":66}},{"start":{"line":210,"column":66},"end":{"line":210,"column":null}}],"line":210},"26":{"loc":{"start":{"line":212,"column":80},"end":{"line":212,"column":null}},"type":"binary-expr","locations":[{"start":{"line":212,"column":80},"end":{"line":212,"column":97}},{"start":{"line":212,"column":97},"end":{"line":212,"column":null}}],"line":212},"27":{"loc":{"start":{"line":214,"column":71},"end":{"line":214,"column":115}},"type":"cond-expr","locations":[{"start":{"line":214,"column":91},"end":{"line":214,"column":110}},{"start":{"line":214,"column":110},"end":{"line":214,"column":115}}],"line":214},"28":{"loc":{"start":{"line":218,"column":36},"end":{"line":223,"column":54}},"type":"binary-expr","locations":[{"start":{"line":220,"column":42},"end":{"line":220,"column":68}},{"start":{"line":220,"column":68},"end":{"line":220,"column":null}},{"start":{"line":221,"column":44},"end":{"line":223,"column":54}}],"line":218},"29":{"loc":{"start":{"line":223,"column":41},"end":{"line":224,"column":null}},"type":"binary-expr","locations":[{"start":{"line":223,"column":41},"end":{"line":223,"column":null}},{"start":{"line":224,"column":44},"end":{"line":224,"column":null}}],"line":223}},"s":{"0":1,"1":18,"2":18,"3":18,"4":18,"5":18,"6":18,"7":18,"8":18,"9":18,"10":18,"11":18,"12":8,"13":8,"14":8,"15":0,"16":18,"17":0,"18":0,"19":0,"20":0,"21":18,"22":21,"23":21,"24":21,"25":21,"26":21,"27":21,"28":21,"29":21,"30":6,"31":6,"32":6,"33":0,"34":0,"35":6,"36":6,"37":6,"38":0,"39":6,"40":6,"41":0,"42":18,"43":21,"44":18,"45":6,"46":18,"47":0,"48":0,"49":0,"50":18,"51":1,"52":1,"53":1,"54":1,"55":1,"56":0,"57":18,"58":1,"59":1,"60":1,"61":1,"62":0,"63":18,"64":1,"65":0,"66":34,"67":0,"68":0,"69":1,"70":0,"71":0,"72":0,"73":0,"74":0,"75":17,"76":0,"77":1,"78":1,"79":0,"80":1,"81":1,"82":1},"f":{"0":18,"1":8,"2":0,"3":21,"4":6,"5":21,"6":6,"7":0,"8":1,"9":1,"10":1,"11":0,"12":34,"13":0,"14":0,"15":1,"16":0,"17":17,"18":0,"19":1,"20":1,"21":0,"22":1,"23":1},"b":{"0":[18,8],"1":[0,0],"2":[0,0],"3":[21,0],"4":[21,0],"5":[21,0],"6":[21,0],"7":[21,21],"8":[3,18],"9":[21,19,19,19],"10":[0,6],"11":[0,6],"12":[0,0],"13":[6,0],"14":[6,0],"15":[0,0],"16":[0,0],"17":[1,0],"18":[0,0],"19":[1,0],"20":[18,5],"21":[18,16],"22":[4,13],"23":[2,15],"24":[2,0],"25":[15,4],"26":[15,0],"27":[4,11],"28":[15,13,4],"29":[15,2]},"meta":{"lastBranch":30,"lastFunction":24,"lastStatement":83,"seen":{"s:10:6:232:Infinity":0,"f:10:6:10:28":0,"s:12:18:12:42":1,"s:13:23:13:52":2,"s:14:29:14:67":3,"s:15:19:15:44":4,"s:16:19:16:44":5,"s:17:25:17:59":6,"s:20:23:20:83":7,"s:23:22:23:52":8,"s:24:21:24:85":9,"s:27:21:27:Infinity":10,"b:27:21:27:54:27:58:27:Infinity":0,"s:32:23:37:Infinity":11,"f:32:23:32:35":1,"s:33:8:37:Infinity":12,"s:34:29:34:62":13,"s:35:12:35:Infinity":14,"s:37:12:37:Infinity":15,"s:44:10:49:Infinity":16,"f:44:10:44:25":2,"s:45:24:45:Infinity":17,"b:46:8:47:Infinity:undefined:undefined:undefined:undefined":1,"s:46:8:47:Infinity":18,"b:46:12:46:38:46:38:46:70":2,"s:47:12:47:Infinity":19,"s:49:8:49:Infinity":20,"s:56:27:87:Infinity":21,"f:57:9:57:16":3,"s:58:32:58:91":22,"s:59:36:59:Infinity":23,"b:59:36:59:66:59:66:59:Infinity":3,"s:61:24:61:Infinity":24,"b:61:24:61:47:61:51:61:Infinity":4,"s:62:24:62:68":25,"b:62:40:62:52:62:52:62:68":5,"s:63:24:63:67":26,"b:63:40:63:51:63:51:63:67":6,"s:64:36:64:Infinity":27,"b:64:36:64:50:64:50:64:Infinity":7,"s:67:36:67:Infinity":28,"b:67:51:67:61:67:61:67:Infinity":8,"s:69:12:69:Infinity":29,"b:69:19:69:34:69:34:69:53:69:53:69:72:69:72:69:Infinity":9,"f:71:9:71:15":4,"s:72:23:72:Infinity":30,"s:73:23:73:Infinity":31,"b:76:12:81:Infinity:79:19:81:Infinity":10,"s:76:12:81:Infinity":32,"s:77:16:77:Infinity":33,"s:78:16:78:Infinity":34,"s:80:16:80:Infinity":35,"s:81:16:81:Infinity":36,"b:84:12:84:Infinity:undefined:undefined:undefined:undefined":11,"s:84:12:84:Infinity":37,"s:84:29:84:Infinity":38,"b:84:69:84:74:84:74:84:Infinity":12,"b:85:12:85:Infinity:undefined:undefined:undefined:undefined":13,"s:85:12:85:Infinity":39,"s:85:29:85:Infinity":40,"b:85:69:85:73:85:73:85:Infinity":14,"s:86:12:86:Infinity":41,"s:90:23:90:92":42,"f:90:48:90:52":5,"s:90:60:90:74":43,"s:92:4:92:Infinity":44,"f:92:4:92:20":6,"s:92:22:92:39":45,"s:95:10:97:Infinity":46,"f:95:10:95:30":7,"b:96:8:96:Infinity:undefined:undefined:undefined:undefined":15,"s:96:8:96:Infinity":47,"s:96:36:96:Infinity":48,"s:97:8:97:Infinity":49,"b:97:48:97:54:97:54:97:Infinity":16,"s:104:25:111:Infinity":50,"f:104:25:104:32":8,"s:105:27:105:Infinity":51,"b:105:50:105:81:105:84:105:Infinity":17,"s:106:8:111:Infinity":52,"s:107:12:107:Infinity":53,"s:108:12:108:Infinity":54,"s:109:12:109:Infinity":55,"s:111:12:111:Infinity":56,"b:111:18:111:50:111:50:111:66":18,"s:118:25:123:Infinity":57,"f:118:25:118:32":9,"b:119:8:123:Infinity:undefined:undefined:undefined:undefined":19,"s:119:8:123:Infinity":58,"s:120:12:123:Infinity":59,"s:121:16:121:Infinity":60,"s:122:16:122:Infinity":61,"s:123:30:123:Infinity":62,"s:127:4:232:Infinity":63,"b:130:13:130:39:130:39:130:Infinity":20,"f:139:58:139:69":10,"s:139:75:139:104":64,"f:144:53:144:64":11,"s:144:70:144:105":65,"f:145:36:145:40":12,"s:145:47:145:Infinity":66,"b:145:94:145:113:145:113:145:126":21,"f:152:78:152:89":13,"s:152:95:152:120":67,"f:153:78:153:89":14,"s:153:95:153:120":68,"f:162:24:162:35":15,"s:162:41:162:Infinity":69,"f:167:24:167:39":16,"s:167:40:167:59":70,"s:167:59:167:87":71,"s:167:87:167:102":72,"s:167:102:167:117":73,"s:167:117:167:143":74,"f:174:36:174:40":17,"s:175:24:229:Infinity":75,"b:175:87:175:101:175:101:175:Infinity":22,"b:179:32:204:Infinity:206:32:227:Infinity":23,"f:186:48:186:58":18,"s:186:63:186:Infinity":76,"b:189:80:189:97:189:97:189:Infinity":24,"f:196:48:196:58":19,"s:196:63:196:Infinity":77,"f:201:48:201:63":20,"s:201:63:201:84":78,"f:202:48:202:63":21,"s:202:63:202:81":79,"b:210:45:210:66:210:66:210:Infinity":25,"b:212:80:212:97:212:97:212:Infinity":26,"b:214:91:214:110:214:110:214:115":27,"b:220:42:220:68:220:68:220:Infinity:221:44:223:54":28,"f:221:52:221:67":22,"s:221:69:221:92":80,"s:221:92:221:114":81,"b:223:41:223:Infinity:224:44:224:Infinity":29,"f:224:75:224:90":23,"s:224:90:224:111":82}}}
,"/workspaces/InvManSys-Frontend/src/components/Login.jsx": {"path":"/workspaces/InvManSys-Frontend/src/components/Login.jsx","statementMap":{"0":{"start":{"line":10,"column":6},"end":{"line":131,"column":null}},"1":{"start":{"line":12,"column":21},"end":{"line":12,"column":48}},"2":{"start":{"line":13,"column":21},"end":{"line":13,"column":48}},"3":{"start":{"line":14,"column":18},"end":{"line":14,"column":42}},"4":{"start":{"line":15,"column":23},"end":{"line":15,"column":55}},"5":{"start":{"line":16,"column":20},"end":{"line":16,"column":46}},"6":{"start":{"line":22,"column":24},"end":{"line":37,"column":null}},"7":{"start":{"line":23,"column":8},"end":{"line":23,"column":null}},"8":{"start":{"line":24,"column":8},"end":{"line":37,"column":null}},"9":{"start":{"line":26,"column":29},"end":{"line":26,"column":87}},"10":{"start":{"line":29,"column":12},"end":{"line":29,"column":null}},"11":{"start":{"line":30,"column":12},"end":{"line":30,"column":null}},"12":{"start":{"line":31,"column":12},"end":{"line":31,"column":null}},"13":{"start":{"line":34,"column":12},"end":{"line":34,"column":null}},"14":{"start":{"line":36,"column":12},"end":{"line":36,"column":null}},"15":{"start":{"line":37,"column":12},"end":{"line":37,"column":null}},"16":{"start":{"line":45,"column":31},"end":{"line":57,"column":null}},"17":{"start":{"line":46,"column":8},"end":{"line":46,"column":null}},"18":{"start":{"line":47,"column":8},"end":{"line":57,"column":null}},"19":{"start":{"line":48,"column":29},"end":{"line":48,"column":83}},"20":{"start":{"line":49,"column":12},"end":{"line":49,"column":null}},"21":{"start":{"line":52,"column":12},"end":{"line":55,"column":null}},"22":{"start":{"line":53,"column":16},"end":{"line":53,"column":null}},"23":{"start":{"line":54,"column":16},"end":{"line":54,"column":null}},"24":{"start":{"line":57,"column":12},"end":{"line":57,"column":null}},"25":{"start":{"line":61,"column":4},"end":{"line":131,"column":null}},"26":{"start":{"line":76,"column":49},"end":{"line":76,"column":73}},"27":{"start":{"line":83,"column":43},"end":{"line":83,"column":63}},"28":{"start":{"line":97,"column":49},"end":{"line":97,"column":null}},"29":{"start":{"line":103,"column":49},"end":{"line":103,"column":null}},"30":{"start":{"line":111,"column":43},"end":{"line":111,"column":62}}},"fnMap":{"0":{"name":"(anonymous_0)","decl":{"start":{"line":10,"column":6},"end":{"line":10,"column":15}},"loc":{"start":{"line":10,"column":54},"end":{"line":131,"column":null}},"line":10},"1":{"name":"(anonymous_1)","decl":{"start":{"line":22,"column":24},"end":{"line":22,"column":31}},"loc":{"start":{"line":22,"column":37},"end":{"line":37,"column":null}},"line":22},"2":{"name":"(anonymous_2)","decl":{"start":{"line":45,"column":31},"end":{"line":45,"column":38}},"loc":{"start":{"line":45,"column":44},"end":{"line":57,"column":null}},"line":45},"3":{"name":"(anonymous_3)","decl":{"start":{"line":52,"column":12},"end":{"line":52,"column":29}},"loc":{"start":{"line":52,"column":29},"end":{"line":55,"column":20}},"line":52},"4":{"name":"(anonymous_4)","decl":{"start":{"line":76,"column":32},"end":{"line":76,"column":43}},"loc":{"start":{"line":76,"column":49},"end":{"line":76,"column":73}},"line":76},"5":{"name":"(anonymous_5)","decl":{"start":{"line":83,"column":28},"end":{"line":83,"column":43}},"loc":{"start":{"line":83,"column":43},"end":{"line":83,"column":63}},"line":83},"6":{"name":"(anonymous_6)","decl":{"start":{"line":97,"column":32},"end":{"line":97,"column":43}},"loc":{"start":{"line":97,"column":49},"end":{"line":97,"column":null}},"line":97},"7":{"name":"(anonymous_7)","decl":{"start":{"line":103,"column":32},"end":{"line":103,"column":43}},"loc":{"start":{"line":103,"column":49},"end":{"line":103,"column":null}},"line":103},"8":{"name":"(anonymous_8)","decl":{"start":{"line":111,"column":28},"end":{"line":111,"column":43}},"loc":{"start":{"line":111,"column":43},"end":{"line":111,"column":62}},"line":111}},"branchMap":{"0":{"loc":{"start":{"line":67,"column":17},"end":{"line":127,"column":null}},"type":"cond-expr","locations":[{"start":{"line":68,"column":20},"end":{"line":90,"column":21}},{"start":{"line":90,"column":20},"end":{"line":127,"column":null}}],"line":67},"1":{"loc":{"start":{"line":87,"column":25},"end":{"line":87,"column":null}},"type":"binary-expr","locations":[{"start":{"line":87,"column":25},"end":{"line":87,"column":36}},{"start":{"line":87,"column":36},"end":{"line":87,"column":null}}],"line":87}},"s":{"0":1,"1":7,"2":7,"3":7,"4":7,"5":7,"6":7,"7":2,"8":2,"9":2,"10":1,"11":1,"12":1,"13":1,"14":1,"15":1,"16":7,"17":0,"18":0,"19":0,"20":0,"21":0,"22":0,"23":0,"24":0,"25":7,"26":0,"27":1,"28":1,"29":1,"30":1},"f":{"0":7,"1":2,"2":0,"3":0,"4":0,"5":1,"6":1,"7":1,"8":1},"b":{"0":[1,6],"1":[1,0]},"meta":{"lastBranch":2,"lastFunction":9,"lastStatement":31,"seen":{"s:10:6:131:Infinity":0,"f:10:6:10:15":0,"s:12:21:12:48":1,"s:13:21:13:48":2,"s:14:18:14:42":3,"s:15:23:15:55":4,"s:16:20:16:46":5,"s:22:24:37:Infinity":6,"f:22:24:22:31":1,"s:23:8:23:Infinity":7,"s:24:8:37:Infinity":8,"s:26:29:26:87":9,"s:29:12:29:Infinity":10,"s:30:12:30:Infinity":11,"s:31:12:31:Infinity":12,"s:34:12:34:Infinity":13,"s:36:12:36:Infinity":14,"s:37:12:37:Infinity":15,"s:45:31:57:Infinity":16,"f:45:31:45:38":2,"s:46:8:46:Infinity":17,"s:47:8:57:Infinity":18,"s:48:29:48:83":19,"s:49:12:49:Infinity":20,"s:52:12:55:Infinity":21,"f:52:12:52:29":3,"s:53:16:53:Infinity":22,"s:54:16:54:Infinity":23,"s:57:12:57:Infinity":24,"s:61:4:131:Infinity":25,"b:68:20:90:21:90:20:127:Infinity":0,"f:76:32:76:43":4,"s:76:49:76:73":26,"f:83:28:83:43":5,"s:83:43:83:63":27,"b:87:25:87:36:87:36:87:Infinity":1,"f:97:32:97:43":6,"s:97:49:97:Infinity":28,"f:103:32:103:43":7,"s:103:49:103:Infinity":29,"f:111:28:111:43":8,"s:111:43:111:62":30}}}
,"/workspaces/InvManSys-Frontend/src/components/Register.jsx": {"path":"/workspaces/InvManSys-Frontend/src/components/Register.jsx","statementMap":{"0":{"start":{"line":10,"column":6},"end":{"line":108,"column":null}},"1":{"start":{"line":12,"column":21},"end":{"line":17,"column":6}},"2":{"start":{"line":22,"column":25},"end":{"line":47,"column":null}},"3":{"start":{"line":23,"column":8},"end":{"line":23,"column":null}},"4":{"start":{"line":26,"column":8},"end":{"line":28,"column":null}},"5":{"start":{"line":27,"column":12},"end":{"line":27,"column":null}},"6":{"start":{"line":28,"column":12},"end":{"line":28,"column":null}},"7":{"start":{"line":31,"column":8},"end":{"line":47,"column":null}},"8":{"start":{"line":34,"column":12},"end":{"line":38,"column":null}},"9":{"start":{"line":40,"column":12},"end":{"line":40,"column":null}},"10":{"start":{"line":43,"column":12},"end":{"line":43,"column":null}},"11":{"start":{"line":46,"column":12},"end":{"line":46,"column":null}},"12":{"start":{"line":47,"column":12},"end":{"line":47,"column":null}},"13":{"start":{"line":51,"column":4},"end":{"line":108,"column":null}},"14":{"start":{"line":66,"column":43},"end":{"line":66,"column":null}},"15":{"start":{"line":73,"column":43},"end":{"line":73,"column":null}},"16":{"start":{"line":80,"column":43},"end":{"line":80,"column":null}},"17":{"start":{"line":87,"column":43},"end":{"line":87,"column":null}}},"fnMap":{"0":{"name":"(anonymous_0)","decl":{"start":{"line":10,"column":6},"end":{"line":10,"column":18}},"loc":{"start":{"line":10,"column":59},"end":{"line":108,"column":null}},"line":10},"1":{"name":"(anonymous_1)","decl":{"start":{"line":22,"column":25},"end":{"line":22,"column":32}},"loc":{"start":{"line":22,"column":38},"end":{"line":47,"column":null}},"line":22},"2":{"name":"(anonymous_2)","decl":{"start":{"line":66,"column":28},"end":{"line":66,"column":38}},"loc":{"start":{"line":66,"column":43},"end":{"line":66,"column":null}},"line":66},"3":{"name":"(anonymous_3)","decl":{"start":{"line":73,"column":28},"end":{"line":73,"column":38}},"loc":{"start":{"line":73,"column":43},"end":{"line":73,"column":null}},"line":73},"4":{"name":"(anonymous_4)","decl":{"start":{"line":80,"column":28},"end":{"line":80,"column":38}},"loc":{"start":{"line":80,"column":43},"end":{"line":80,"column":null}},"line":80},"5":{"name":"(anonymous_5)","decl":{"start":{"line":87,"column":28},"end":{"line":87,"column":38}},"loc":{"start":{"line":87,"column":43},"end":{"line":87,"column":null}},"line":87}},"branchMap":{"0":{"loc":{"start":{"line":26,"column":8},"end":{"line":28,"column":null}},"type":"if","locations":[{"start":{"line":26,"column":8},"end":{"line":28,"column":null}},{"start":{},"end":{}}],"line":26}},"s":{"0":1,"1":11,"2":11,"3":2,"4":2,"5":1,"6":1,"7":1,"8":1,"9":1,"10":1,"11":0,"12":0,"13":11,"14":2,"15":2,"16":2,"17":2},"f":{"0":11,"1":2,"2":2,"3":2,"4":2,"5":2},"b":{"0":[1,1]},"meta":{"lastBranch":1,"lastFunction":6,"lastStatement":18,"seen":{"s:10:6:108:Infinity":0,"f:10:6:10:18":0,"s:12:21:17:6":1,"s:22:25:47:Infinity":2,"f:22:25:22:32":1,"s:23:8:23:Infinity":3,"b:26:8:28:Infinity:undefined:undefined:undefined:undefined":0,"s:26:8:28:Infinity":4,"s:27:12:27:Infinity":5,"s:28:12:28:Infinity":6,"s:31:8:47:Infinity":7,"s:34:12:38:Infinity":8,"s:40:12:40:Infinity":9,"s:43:12:43:Infinity":10,"s:46:12:46:Infinity":11,"s:47:12:47:Infinity":12,"s:51:4:108:Infinity":13,"f:66:28:66:38":2,"s:66:43:66:Infinity":14,"f:73:28:73:38":3,"s:73:43:73:Infinity":15,"f:80:28:80:38":4,"s:80:43:80:Infinity":16,"f:87:28:87:38":5,"s:87:43:87:Infinity":17}}}
,"/workspaces/InvManSys-Frontend/src/components/ResetPassword.jsx": {"path":"/workspaces/InvManSys-Frontend/src/components/ResetPassword.jsx","statementMap":{"0":{"start":{"line":10,"column":6},"end":{"line":88,"column":null}},"1":{"start":{"line":14,"column":17},"end":{"line":14,"column":38}},"2":{"start":{"line":15,"column":10},"end":{"line":15,"column":34}},"3":{"start":{"line":18,"column":21},"end":{"line":18,"column":48}},"4":{"start":{"line":19,"column":28},"end":{"line":19,"column":62}},"5":{"start":{"line":20,"column":20},"end":{"line":20,"column":46}},"6":{"start":{"line":21,"column":18},"end":{"line":21,"column":42}},"7":{"start":{"line":26,"column":25},"end":{"line":52,"column":null}},"8":{"start":{"line":27,"column":8},"end":{"line":27,"column":null}},"9":{"start":{"line":30,"column":8},"end":{"line":32,"column":null}},"10":{"start":{"line":31,"column":12},"end":{"line":31,"column":null}},"11":{"start":{"line":32,"column":12},"end":{"line":32,"column":null}},"12":{"start":{"line":35,"column":8},"end":{"line":52,"column":null}},"13":{"start":{"line":37,"column":29},"end":{"line":41,"column":14}},"14":{"start":{"line":43,"column":12},"end":{"line":43,"column":null}},"15":{"start":{"line":44,"column":12},"end":{"line":44,"column":null}},"16":{"start":{"line":48,"column":12},"end":{"line":48,"column":null}},"17":{"start":{"line":48,"column":29},"end":{"line":48,"column":47}},"18":{"start":{"line":51,"column":12},"end":{"line":51,"column":null}},"19":{"start":{"line":52,"column":12},"end":{"line":52,"column":null}},"20":{"start":{"line":56,"column":4},"end":{"line":88,"column":null}},"21":{"start":{"line":71,"column":41},"end":{"line":71,"column":68}},"22":{"start":{"line":81,"column":41},"end":{"line":81,"column":75}}},"fnMap":{"0":{"name":"(anonymous_0)","decl":{"start":{"line":10,"column":6},"end":{"line":10,"column":28}},"loc":{"start":{"line":10,"column":28},"end":{"line":88,"column":null}},"line":10},"1":{"name":"(anonymous_1)","decl":{"start":{"line":26,"column":25},"end":{"line":26,"column":32}},"loc":{"start":{"line":26,"column":38},"end":{"line":52,"column":null}},"line":26},"2":{"name":"(anonymous_2)","decl":{"start":{"line":48,"column":12},"end":{"line":48,"column":29}},"loc":{"start":{"line":48,"column":29},"end":{"line":48,"column":47}},"line":48},"3":{"name":"(anonymous_3)","decl":{"start":{"line":71,"column":24},"end":{"line":71,"column":35}},"loc":{"start":{"line":71,"column":41},"end":{"line":71,"column":68}},"line":71},"4":{"name":"(anonymous_4)","decl":{"start":{"line":81,"column":24},"end":{"line":81,"column":35}},"loc":{"start":{"line":81,"column":41},"end":{"line":81,"column":75}},"line":81}},"branchMap":{"0":{"loc":{"start":{"line":30,"column":8},"end":{"line":32,"column":null}},"type":"if","locations":[{"start":{"line":30,"column":8},"end":{"line":32,"column":null}},{"start":{},"end":{}}],"line":30},"1":{"loc":{"start":{"line":51,"column":21},"end":{"line":51,"column":77}},"type":"binary-expr","locations":[{"start":{"line":51,"column":21},"end":{"line":51,"column":50}},{"start":{"line":51,"column":50},"end":{"line":51,"column":77}}],"line":51},"2":{"loc":{"start":{"line":62,"column":13},"end":{"line":62,"column":null}},"type":"binary-expr","locations":[{"start":{"line":62,"column":13},"end":{"line":62,"column":24}},{"start":{"line":62,"column":24},"end":{"line":62,"column":null}}],"line":62},"3":{"loc":{"start":{"line":63,"column":13},"end":{"line":63,"column":null}},"type":"binary-expr","locations":[{"start":{"line":63,"column":13},"end":{"line":63,"column":22}},{"start":{"line":63,"column":22},"end":{"line":63,"column":null}}],"line":63}},"s":{"0":1,"1":13,"2":13,"3":13,"4":13,"5":13,"6":13,"7":13,"8":3,"9":3,"10":1,"11":1,"12":2,"13":2,"14":1,"15":1,"16":1,"17":1,"18":1,"19":1,"20":13,"21":3,"22":3},"f":{"0":13,"1":3,"2":1,"3":3,"4":3},"b":{"0":[1,2],"1":[1,0],"2":[13,1],"3":[13,2]},"meta":{"lastBranch":4,"lastFunction":5,"lastStatement":23,"seen":{"s:10:6:88:Infinity":0,"f:10:6:10:28":0,"s:14:17:14:38":1,"s:15:10:15:34":2,"s:18:21:18:48":3,"s:19:28:19:62":4,"s:20:20:20:46":5,"s:21:18:21:42":6,"s:26:25:52:Infinity":7,"f:26:25:26:32":1,"s:27:8:27:Infinity":8,"b:30:8:32:Infinity:undefined:undefined:undefined:undefined":0,"s:30:8:32:Infinity":9,"s:31:12:31:Infinity":10,"s:32:12:32:Infinity":11,"s:35:8:52:Infinity":12,"s:37:29:41:14":13,"s:43:12:43:Infinity":14,"s:44:12:44:Infinity":15,"s:48:12:48:Infinity":16,"f:48:12:48:29":2,"s:48:29:48:47":17,"s:51:12:51:Infinity":18,"b:51:21:51:50:51:50:51:77":1,"s:52:12:52:Infinity":19,"s:56:4:88:Infinity":20,"b:62:13:62:24:62:24:62:Infinity":2,"b:63:13:63:22:63:22:63:Infinity":3,"f:71:24:71:35":3,"s:71:41:71:68":21,"f:81:24:81:35":4,"s:81:41:81:75":22}}}
}
